2023-10-16 20:04:51.973 [info] Log level: Info
2023-10-16 20:04:51.980 [info] Validating found git in: "/usr/bin/git"
2023-10-16 20:04:51.998 [info] Using git "2.39.3 (Apple Git-145)" from "/usr/bin/git"
2023-10-16 20:05:41.058 [info] Log level: Info
2023-10-16 20:05:41.065 [info] Validating found git in: "/usr/bin/git"
2023-10-16 20:05:41.078 [info] Using git "2.39.3 (Apple Git-145)" from "/usr/bin/git"
2023-10-16 20:05:41.087 [info] > git rev-parse --show-toplevel [6ms]
2023-10-16 20:05:41.093 [info] > git rev-parse --git-dir --git-common-dir [5ms]
2023-10-16 20:05:41.097 [info] Open repository: /Users/pe8er/.dotfiles
2023-10-16 20:05:41.104 [info] > git rev-parse --show-toplevel [5ms]
2023-10-16 20:05:41.104 [info] > git config --get commit.template [6ms]
2023-10-16 20:05:41.108 [info] > git for-each-ref --format=%(refname)%00%(upstream:short)%00%(objectname)%00%(upstream:track)%00%(upstream:remotename)%00%(upstream:remoteref) --ignore-case refs/heads/master refs/remotes/master [8ms]
2023-10-16 20:05:41.110 [info] > git rev-parse --show-toplevel [4ms]
2023-10-16 20:05:41.114 [info] > git rev-parse --show-toplevel [4ms]
2023-10-16 20:05:41.119 [info] > git rev-parse --show-toplevel [4ms]
2023-10-16 20:05:41.124 [info] > git rev-parse --show-toplevel [4ms]
2023-10-16 20:05:41.130 [info] > git rev-parse --show-toplevel [5ms]
2023-10-16 20:05:41.135 [info] > git rev-parse --show-toplevel [5ms]
2023-10-16 20:05:41.140 [info] > git rev-parse --show-toplevel [5ms]
2023-10-16 20:05:41.140 [info] > git status -z -uall [31ms]
2023-10-16 20:05:41.148 [info] > git rev-parse --show-toplevel [8ms]
2023-10-16 20:05:41.172 [info] > git config --get commit.template [25ms]
2023-10-16 20:05:41.172 [info] > git for-each-ref --format=%(refname)%00%(upstream:short)%00%(objectname)%00%(upstream:track)%00%(upstream:remotename)%00%(upstream:remoteref) --ignore-case refs/heads/master refs/remotes/master [22ms]
2023-10-16 20:05:41.173 [info] > git rev-parse --show-toplevel [24ms]
2023-10-16 20:05:41.183 [info] > git rev-parse --show-toplevel [9ms]
2023-10-16 20:05:41.192 [info] > git rev-parse --show-toplevel [8ms]
2023-10-16 20:05:41.192 [info] > git status -z -uall [19ms]
2023-10-16 20:05:41.218 [info] > git rev-parse --show-toplevel [5ms]
2023-10-16 20:05:41.615 [info] > git check-ignore -v -z --stdin [10ms]
2023-10-16 20:05:43.404 [info] > git config --get commit.template [12ms]
2023-10-16 20:05:43.405 [info] > git for-each-ref --format=%(refname)%00%(upstream:short)%00%(objectname)%00%(upstream:track)%00%(upstream:remotename)%00%(upstream:remoteref) --ignore-case refs/heads/master refs/remotes/master [11ms]
2023-10-16 20:05:43.420 [info] > git status -z -uall [14ms]
2023-10-16 20:08:41.991 [info] > git config --get commit.template [19ms]
2023-10-16 20:08:41.996 [info] > git for-each-ref --format=%(refname)%00%(upstream:short)%00%(objectname)%00%(upstream:track)%00%(upstream:remotename)%00%(upstream:remoteref) --ignore-case refs/heads/master refs/remotes/master [23ms]
2023-10-16 20:08:42.025 [info] > git status -z -uall [28ms]
2023-10-16 20:08:47.052 [info] > git config --get commit.template [16ms]
2023-10-16 20:08:47.053 [info] > git for-each-ref --format=%(refname)%00%(upstream:short)%00%(objectname)%00%(upstream:track)%00%(upstream:remotename)%00%(upstream:remoteref) --ignore-case refs/heads/master refs/remotes/master [15ms]
2023-10-16 20:08:47.067 [info] > git status -z -uall [14ms]
2023-10-16 20:08:52.079 [info] > git config --get commit.template [6ms]
2023-10-16 20:08:52.080 [info] > git for-each-ref --format=%(refname)%00%(upstream:short)%00%(objectname)%00%(upstream:track)%00%(upstream:remotename)%00%(upstream:remoteref) --ignore-case refs/heads/master refs/remotes/master [6ms]
2023-10-16 20:08:52.094 [info] > git status -z -uall [14ms]
2023-10-16 20:10:03.127 [info] > git config --get commit.template [8ms]
2023-10-16 20:10:03.130 [info] > git for-each-ref --format=%(refname)%00%(upstream:short)%00%(objectname)%00%(upstream:track)%00%(upstream:remotename)%00%(upstream:remoteref) --ignore-case refs/heads/master refs/remotes/master [9ms]
2023-10-16 20:10:03.164 [info] > git status -z -uall [33ms]
2023-10-16 20:10:08.188 [info] > git config --get commit.template [13ms]
2023-10-16 20:10:08.188 [info] > git for-each-ref --format=%(refname)%00%(upstream:short)%00%(objectname)%00%(upstream:track)%00%(upstream:remotename)%00%(upstream:remoteref) --ignore-case refs/heads/master refs/remotes/master [12ms]
2023-10-16 20:10:08.206 [info] > git status -z -uall [17ms]
2023-10-16 20:10:18.139 [info] > git config --get commit.template [15ms]
2023-10-16 20:10:18.143 [info] > git for-each-ref --format=%(refname)%00%(upstream:short)%00%(objectname)%00%(upstream:track)%00%(upstream:remotename)%00%(upstream:remoteref) --ignore-case refs/heads/master refs/remotes/master [15ms]
2023-10-16 20:10:18.163 [info] > git status -z -uall [19ms]
2023-10-16 20:10:23.883 [info] > git for-each-ref --format=%(refname)%00%(upstream:short)%00%(objectname)%00%(upstream:track)%00%(upstream:remotename)%00%(upstream:remoteref) --ignore-case refs/heads/master refs/remotes/master [26ms]
2023-10-16 20:10:23.889 [info] > git config --get commit.template [39ms]
2023-10-16 20:10:23.920 [info] > git status -z -uall [30ms]
2023-10-16 20:10:31.002 [info] > git config --get commit.template [21ms]
2023-10-16 20:10:31.005 [info] > git for-each-ref --format=%(refname)%00%(upstream:short)%00%(objectname)%00%(upstream:track)%00%(upstream:remotename)%00%(upstream:remoteref) --ignore-case refs/heads/master refs/remotes/master [17ms]
2023-10-16 20:10:31.029 [info] > git status -z -uall [23ms]
2023-10-16 20:11:29.249 [info] > git config --get commit.template [21ms]
2023-10-16 20:11:29.253 [info] > git for-each-ref --format=%(refname)%00%(upstream:short)%00%(objectname)%00%(upstream:track)%00%(upstream:remotename)%00%(upstream:remoteref) --ignore-case refs/heads/master refs/remotes/master [20ms]
2023-10-16 20:11:29.288 [info] > git status -z -uall [34ms]
2023-10-16 20:11:29.662 [info] > git show --textconv :config.symlink/codium-portable-data/user-data/product.json [7ms]
2023-10-16 20:11:29.662 [info] > git ls-files --stage -- /Users/pe8er/.dotfiles/config.symlink/codium-portable-data/user-data/product.json [6ms]
2023-10-16 20:11:30.020 [info] > git check-ignore -v -z --stdin [17ms]
2023-10-16 20:11:35.576 [info] > git config --get commit.template [12ms]
2023-10-16 20:11:35.579 [info] > git for-each-ref --format=%(refname)%00%(upstream:short)%00%(objectname)%00%(upstream:track)%00%(upstream:remotename)%00%(upstream:remoteref) --ignore-case refs/heads/master refs/remotes/master [13ms]
2023-10-16 20:11:35.600 [info] > git status -z -uall [20ms]
