2023-10-16 20:22:22.730 [info] Reading sessions from keychain...
2023-10-16 20:22:22.730 [info] Getting sessions for all scopes...
2023-10-16 20:22:22.734 [info] Getting sessions for read:user,repo,user:email,workflow...
2023-10-16 20:22:22.741 [info] Got 0 sessions for ...
2023-10-16 20:22:22.741 [info] Got 0 sessions for read:user,repo,user:email,workflow...
2023-10-16 20:22:22.741 [info] Getting sessions for all scopes...
2023-10-16 20:22:22.741 [info] Got 0 sessions for ...
2023-10-16 20:35:09.482 [info] Reading sessions from keychain...
2023-10-16 20:35:09.483 [info] Getting sessions for all scopes...
2023-10-16 20:35:09.483 [info] Got 0 sessions for ...
2023-10-16 20:35:09.484 [info] Getting sessions for read:user,repo,user:email,workflow...
2023-10-16 20:35:09.484 [info] Got 0 sessions for read:user,repo,user:email,workflow...
2023-10-16 20:35:09.496 [info] Getting sessions for all scopes...
2023-10-16 20:35:09.496 [info] Got 0 sessions for ...
2023-10-16 20:38:01.387 [info] Reading sessions from keychain...
2023-10-16 20:38:01.390 [info] Getting sessions for all scopes...
2023-10-16 20:38:01.390 [info] Got 0 sessions for ...
2023-10-16 20:38:01.392 [info] Getting sessions for read:user,repo,user:email,workflow...
2023-10-16 20:38:01.392 [info] Got 0 sessions for read:user,repo,user:email,workflow...
2023-10-16 20:38:01.392 [info] Getting sessions for all scopes...
2023-10-16 20:38:01.392 [info] Got 0 sessions for ...
2023-10-16 20:45:00.936 [info] Reading sessions from keychain...
2023-10-16 20:45:00.936 [info] Getting sessions for all scopes...
2023-10-16 20:45:00.936 [info] Got 0 sessions for ...
2023-10-16 20:45:00.937 [info] Getting sessions for read:user,repo,user:email,workflow...
2023-10-16 20:45:00.937 [info] Got 0 sessions for read:user,repo,user:email,workflow...
2023-10-16 20:45:00.951 [info] Getting sessions for all scopes...
2023-10-16 20:45:00.951 [info] Got 0 sessions for ...
2023-10-16 20:54:35.299 [info] Reading sessions from keychain...
2023-10-16 20:54:35.299 [info] Getting sessions for all scopes...
2023-10-16 20:54:35.299 [info] Got 0 sessions for ...
2023-10-16 20:54:35.300 [info] Getting sessions for read:user,repo,user:email,workflow...
2023-10-16 20:54:35.300 [info] Got 0 sessions for read:user,repo,user:email,workflow...
2023-10-16 20:54:35.301 [info] Getting sessions for all scopes...
2023-10-16 20:54:35.301 [info] Got 0 sessions for ...
