2023-10-16 20:11:40.789 [info] Log level: Info
2023-10-16 20:11:40.808 [info] Validating found git in: "/usr/bin/git"
2023-10-16 20:11:40.846 [info] Using git "2.39.3 (Apple Git-145)" from "/usr/bin/git"
2023-10-16 20:11:40.881 [info] > git rev-parse --show-toplevel [27ms]
2023-10-16 20:11:40.902 [info] > git rev-parse --git-dir --git-common-dir [18ms]
2023-10-16 20:11:40.913 [info] Open repository: /Users/pe8er/.dotfiles
2023-10-16 20:11:40.927 [info] > git config --get commit.template [13ms]
2023-10-16 20:11:40.929 [info] > git rev-parse --show-toplevel [14ms]
2023-10-16 20:11:40.933 [info] > git for-each-ref --format=%(refname)%00%(upstream:short)%00%(objectname)%00%(upstream:track)%00%(upstream:remotename)%00%(upstream:remoteref) --ignore-case refs/heads/master refs/remotes/master [8ms]
2023-10-16 20:11:40.940 [info] > git rev-parse --show-toplevel [8ms]
2023-10-16 20:11:40.947 [info] > git rev-parse --show-toplevel [7ms]
2023-10-16 20:11:40.953 [info] > git rev-parse --show-toplevel [6ms]
2023-10-16 20:11:40.954 [info] > git status -z -uall [20ms]
2023-10-16 20:11:40.961 [info] > git rev-parse --show-toplevel [7ms]
2023-10-16 20:11:40.971 [info] > git config --get commit.template [10ms]
2023-10-16 20:11:40.972 [info] > git for-each-ref --format=%(refname)%00%(upstream:short)%00%(objectname)%00%(upstream:track)%00%(upstream:remotename)%00%(upstream:remoteref) --ignore-case refs/heads/master refs/remotes/master [8ms]
2023-10-16 20:11:40.973 [info] > git rev-parse --show-toplevel [10ms]
2023-10-16 20:11:40.979 [info] > git rev-parse --show-toplevel [5ms]
2023-10-16 20:11:40.988 [info] > git rev-parse --show-toplevel [8ms]
2023-10-16 20:11:40.990 [info] > git status -z -uall [18ms]
2023-10-16 20:11:40.994 [info] > git rev-parse --show-toplevel [6ms]
2023-10-16 20:11:41.001 [info] > git rev-parse --show-toplevel [5ms]
2023-10-16 20:11:41.024 [info] > git rev-parse --show-toplevel [23ms]
2023-10-16 20:11:41.030 [info] > git rev-parse --show-toplevel [5ms]
2023-10-16 20:11:41.035 [info] > git rev-parse --show-toplevel [5ms]
2023-10-16 20:11:41.235 [info] > git show --textconv :config.symlink/codium-portable-data/user-data/product.json [5ms]
2023-10-16 20:11:41.235 [info] > git ls-files --stage -- /Users/pe8er/.dotfiles/config.symlink/codium-portable-data/user-data/product.json [6ms]
2023-10-16 20:11:41.440 [info] > git check-ignore -v -z --stdin [14ms]
2023-10-16 20:11:44.093 [info] > git config --get commit.template [14ms]
2023-10-16 20:11:44.093 [info] > git for-each-ref --format=%(refname)%00%(upstream:short)%00%(objectname)%00%(upstream:track)%00%(upstream:remotename)%00%(upstream:remoteref) --ignore-case refs/heads/master refs/remotes/master [13ms]
2023-10-16 20:11:44.108 [info] > git status -z -uall [14ms]
2023-10-16 20:11:49.134 [info] > git config --get commit.template [14ms]
2023-10-16 20:11:49.134 [info] > git for-each-ref --format=%(refname)%00%(upstream:short)%00%(objectname)%00%(upstream:track)%00%(upstream:remotename)%00%(upstream:remoteref) --ignore-case refs/heads/master refs/remotes/master [10ms]
2023-10-16 20:11:49.149 [info] > git status -z -uall [14ms]
2023-10-16 20:11:54.171 [info] > git config --get commit.template [12ms]
2023-10-16 20:11:54.172 [info] > git for-each-ref --format=%(refname)%00%(upstream:short)%00%(objectname)%00%(upstream:track)%00%(upstream:remotename)%00%(upstream:remoteref) --ignore-case refs/heads/master refs/remotes/master [12ms]
2023-10-16 20:11:54.187 [info] > git status -z -uall [14ms]
2023-10-16 20:11:59.209 [info] > git config --get commit.template [12ms]
2023-10-16 20:11:59.209 [info] > git for-each-ref --format=%(refname)%00%(upstream:short)%00%(objectname)%00%(upstream:track)%00%(upstream:remotename)%00%(upstream:remoteref) --ignore-case refs/heads/master refs/remotes/master [10ms]
2023-10-16 20:11:59.223 [info] > git status -z -uall [13ms]
2023-10-16 20:12:04.245 [info] > git config --get commit.template [14ms]
2023-10-16 20:12:04.246 [info] > git for-each-ref --format=%(refname)%00%(upstream:short)%00%(objectname)%00%(upstream:track)%00%(upstream:remotename)%00%(upstream:remoteref) --ignore-case refs/heads/master refs/remotes/master [13ms]
2023-10-16 20:12:04.262 [info] > git status -z -uall [15ms]
2023-10-16 20:12:09.535 [info] > git config --get commit.template [7ms]
2023-10-16 20:12:09.536 [info] > git for-each-ref --format=%(refname)%00%(upstream:short)%00%(objectname)%00%(upstream:track)%00%(upstream:remotename)%00%(upstream:remoteref) --ignore-case refs/heads/master refs/remotes/master [8ms]
2023-10-16 20:12:09.556 [info] > git status -z -uall [19ms]
2023-10-16 20:12:14.571 [info] > git config --get commit.template [6ms]
2023-10-16 20:12:14.571 [info] > git for-each-ref --format=%(refname)%00%(upstream:short)%00%(objectname)%00%(upstream:track)%00%(upstream:remotename)%00%(upstream:remoteref) --ignore-case refs/heads/master refs/remotes/master [7ms]
2023-10-16 20:12:14.587 [info] > git status -z -uall [15ms]
2023-10-16 20:12:19.609 [info] > git config --get commit.template [12ms]
2023-10-16 20:12:19.609 [info] > git for-each-ref --format=%(refname)%00%(upstream:short)%00%(objectname)%00%(upstream:track)%00%(upstream:remotename)%00%(upstream:remoteref) --ignore-case refs/heads/master refs/remotes/master [11ms]
2023-10-16 20:12:19.624 [info] > git status -z -uall [14ms]
2023-10-16 20:12:24.639 [info] > git config --get commit.template [7ms]
2023-10-16 20:12:24.639 [info] > git for-each-ref --format=%(refname)%00%(upstream:short)%00%(objectname)%00%(upstream:track)%00%(upstream:remotename)%00%(upstream:remoteref) --ignore-case refs/heads/master refs/remotes/master [6ms]
2023-10-16 20:12:24.654 [info] > git status -z -uall [14ms]
2023-10-16 20:12:37.326 [info] > git config --get commit.template [14ms]
2023-10-16 20:12:37.326 [info] > git for-each-ref --format=%(refname)%00%(upstream:short)%00%(objectname)%00%(upstream:track)%00%(upstream:remotename)%00%(upstream:remoteref) --ignore-case refs/heads/master refs/remotes/master [12ms]
2023-10-16 20:12:37.342 [info] > git status -z -uall [15ms]
2023-10-16 20:12:42.756 [info] > git config --get commit.template [13ms]
2023-10-16 20:12:42.757 [info] > git for-each-ref --format=%(refname)%00%(upstream:short)%00%(objectname)%00%(upstream:track)%00%(upstream:remotename)%00%(upstream:remoteref) --ignore-case refs/heads/master refs/remotes/master [12ms]
2023-10-16 20:12:42.774 [info] > git status -z -uall [17ms]
2023-10-16 20:12:45.639 [info] > git check-ignore -v -z --stdin [10ms]
2023-10-16 20:12:47.805 [info] > git config --get commit.template [15ms]
2023-10-16 20:12:47.806 [info] > git for-each-ref --format=%(refname)%00%(upstream:short)%00%(objectname)%00%(upstream:track)%00%(upstream:remotename)%00%(upstream:remoteref) --ignore-case refs/heads/master refs/remotes/master [14ms]
2023-10-16 20:12:47.823 [info] > git status -z -uall [17ms]
2023-10-16 20:12:52.851 [info] > git for-each-ref --format=%(refname)%00%(upstream:short)%00%(objectname)%00%(upstream:track)%00%(upstream:remotename)%00%(upstream:remoteref) --ignore-case refs/heads/master refs/remotes/master [12ms]
2023-10-16 20:12:52.851 [info] > git config --get commit.template [14ms]
2023-10-16 20:12:52.869 [info] > git status -z -uall [17ms]
2023-10-16 20:12:57.899 [info] > git config --get commit.template [13ms]
2023-10-16 20:12:57.900 [info] > git for-each-ref --format=%(refname)%00%(upstream:short)%00%(objectname)%00%(upstream:track)%00%(upstream:remotename)%00%(upstream:remoteref) --ignore-case refs/heads/master refs/remotes/master [12ms]
2023-10-16 20:12:57.918 [info] > git status -z -uall [17ms]
2023-10-16 20:13:02.936 [info] > git config --get commit.template [6ms]
2023-10-16 20:13:02.937 [info] > git for-each-ref --format=%(refname)%00%(upstream:short)%00%(objectname)%00%(upstream:track)%00%(upstream:remotename)%00%(upstream:remoteref) --ignore-case refs/heads/master refs/remotes/master [6ms]
2023-10-16 20:13:02.957 [info] > git status -z -uall [19ms]
2023-10-16 20:13:07.989 [info] > git config --get commit.template [16ms]
2023-10-16 20:13:07.990 [info] > git for-each-ref --format=%(refname)%00%(upstream:short)%00%(objectname)%00%(upstream:track)%00%(upstream:remotename)%00%(upstream:remoteref) --ignore-case refs/heads/master refs/remotes/master [15ms]
2023-10-16 20:13:08.008 [info] > git status -z -uall [18ms]
2023-10-16 20:13:13.035 [info] > git config --get commit.template [13ms]
2023-10-16 20:13:13.035 [info] > git for-each-ref --format=%(refname)%00%(upstream:short)%00%(objectname)%00%(upstream:track)%00%(upstream:remotename)%00%(upstream:remoteref) --ignore-case refs/heads/master refs/remotes/master [11ms]
2023-10-16 20:13:13.053 [info] > git status -z -uall [17ms]
2023-10-16 20:13:13.630 [info] > git ls-files --stage -- /Users/pe8er/.dotfiles/config.symlink/sketchybar/plugins/music.sh [6ms]
2023-10-16 20:13:13.630 [info] > git show --textconv :config.symlink/sketchybar/plugins/music.sh [7ms]
2023-10-16 20:13:13.636 [info] > git cat-file -s f7fdfa4a42209557a5911c0a653008493aa1acfd [6ms]
2023-10-16 20:13:13.996 [info] > git check-ignore -v -z --stdin [6ms]
2023-10-16 20:13:18.084 [info] > git config --get commit.template [14ms]
2023-10-16 20:13:18.085 [info] > git for-each-ref --format=%(refname)%00%(upstream:short)%00%(objectname)%00%(upstream:track)%00%(upstream:remotename)%00%(upstream:remoteref) --ignore-case refs/heads/master refs/remotes/master [13ms]
2023-10-16 20:13:18.102 [info] > git status -z -uall [17ms]
2023-10-16 20:13:19.488 [info] > git show --textconv :config.symlink/codium-portable-data/extensions/catppuccin.catppuccin-vsc-icons-0.29.0/themes/macchiato/icons/cuda.svg [6ms]
2023-10-16 20:13:19.488 [info] > git ls-files --stage -- /Users/pe8er/.dotfiles/config.symlink/codium-portable-data/extensions/catppuccin.catppuccin-vsc-icons-0.29.0/themes/macchiato/icons/cuda.svg [5ms]
2023-10-16 20:13:19.868 [info] > git check-ignore -v -z --stdin [15ms]
2023-10-16 20:13:20.746 [info] > git ls-files --stage -- /Users/pe8er/.dotfiles/config.symlink/sketchybar/plugins/music.sh [6ms]
2023-10-16 20:13:20.746 [info] > git show --textconv :config.symlink/sketchybar/plugins/music.sh [6ms]
2023-10-16 20:13:20.751 [info] > git cat-file -s f7fdfa4a42209557a5911c0a653008493aa1acfd [5ms]
2023-10-16 20:13:23.131 [info] > git config --get commit.template [13ms]
2023-10-16 20:13:23.132 [info] > git for-each-ref --format=%(refname)%00%(upstream:short)%00%(objectname)%00%(upstream:track)%00%(upstream:remotename)%00%(upstream:remoteref) --ignore-case refs/heads/master refs/remotes/master [12ms]
2023-10-16 20:13:23.149 [info] > git status -z -uall [17ms]
2023-10-16 20:13:28.181 [info] > git config --get commit.template [15ms]
2023-10-16 20:13:28.182 [info] > git for-each-ref --format=%(refname)%00%(upstream:short)%00%(objectname)%00%(upstream:track)%00%(upstream:remotename)%00%(upstream:remoteref) --ignore-case refs/heads/master refs/remotes/master [14ms]
2023-10-16 20:13:28.200 [info] > git status -z -uall [17ms]
2023-10-16 20:13:33.226 [info] > git config --get commit.template [13ms]
2023-10-16 20:13:33.227 [info] > git for-each-ref --format=%(refname)%00%(upstream:short)%00%(objectname)%00%(upstream:track)%00%(upstream:remotename)%00%(upstream:remoteref) --ignore-case refs/heads/master refs/remotes/master [13ms]
2023-10-16 20:13:33.244 [info] > git status -z -uall [17ms]
2023-10-16 20:13:38.273 [info] > git config --get commit.template [13ms]
2023-10-16 20:13:38.273 [info] > git for-each-ref --format=%(refname)%00%(upstream:short)%00%(objectname)%00%(upstream:track)%00%(upstream:remotename)%00%(upstream:remoteref) --ignore-case refs/heads/master refs/remotes/master [12ms]
2023-10-16 20:13:38.292 [info] > git status -z -uall [18ms]
2023-10-16 20:13:50.869 [info] > git config --get commit.template [10ms]
2023-10-16 20:13:50.870 [info] > git for-each-ref --format=%(refname)%00%(upstream:short)%00%(objectname)%00%(upstream:track)%00%(upstream:remotename)%00%(upstream:remoteref) --ignore-case refs/heads/master refs/remotes/master [10ms]
2023-10-16 20:13:50.891 [info] > git status -z -uall [20ms]
2023-10-16 20:13:55.923 [info] > git config --get commit.template [12ms]
2023-10-16 20:13:55.924 [info] > git for-each-ref --format=%(refname)%00%(upstream:short)%00%(objectname)%00%(upstream:track)%00%(upstream:remotename)%00%(upstream:remoteref) --ignore-case refs/heads/master refs/remotes/master [12ms]
2023-10-16 20:13:55.941 [info] > git status -z -uall [17ms]
2023-10-16 20:14:01.973 [info] > git config --get commit.template [14ms]
2023-10-16 20:14:01.973 [info] > git for-each-ref --format=%(refname)%00%(upstream:short)%00%(objectname)%00%(upstream:track)%00%(upstream:remotename)%00%(upstream:remoteref) --ignore-case refs/heads/master refs/remotes/master [12ms]
2023-10-16 20:14:01.995 [info] > git status -z -uall [21ms]
2023-10-16 20:14:07.024 [info] > git config --get commit.template [15ms]
2023-10-16 20:14:07.024 [info] > git for-each-ref --format=%(refname)%00%(upstream:short)%00%(objectname)%00%(upstream:track)%00%(upstream:remotename)%00%(upstream:remoteref) --ignore-case refs/heads/master refs/remotes/master [13ms]
2023-10-16 20:14:07.041 [info] > git status -z -uall [16ms]
2023-10-16 20:14:12.072 [info] > git config --get commit.template [15ms]
2023-10-16 20:14:12.073 [info] > git for-each-ref --format=%(refname)%00%(upstream:short)%00%(objectname)%00%(upstream:track)%00%(upstream:remotename)%00%(upstream:remoteref) --ignore-case refs/heads/master refs/remotes/master [15ms]
2023-10-16 20:14:12.092 [info] > git status -z -uall [19ms]
2023-10-16 20:14:17.124 [info] > git config --get commit.template [11ms]
2023-10-16 20:14:17.124 [info] > git for-each-ref --format=%(refname)%00%(upstream:short)%00%(objectname)%00%(upstream:track)%00%(upstream:remotename)%00%(upstream:remoteref) --ignore-case refs/heads/master refs/remotes/master [11ms]
2023-10-16 20:14:17.142 [info] > git status -z -uall [17ms]
2023-10-16 20:14:22.170 [info] > git config --get commit.template [13ms]
2023-10-16 20:14:22.171 [info] > git for-each-ref --format=%(refname)%00%(upstream:short)%00%(objectname)%00%(upstream:track)%00%(upstream:remotename)%00%(upstream:remoteref) --ignore-case refs/heads/master refs/remotes/master [12ms]
2023-10-16 20:14:22.189 [info] > git status -z -uall [18ms]
2023-10-16 20:14:27.205 [info] > git config --get commit.template [6ms]
2023-10-16 20:14:27.205 [info] > git for-each-ref --format=%(refname)%00%(upstream:short)%00%(objectname)%00%(upstream:track)%00%(upstream:remotename)%00%(upstream:remoteref) --ignore-case refs/heads/master refs/remotes/master [6ms]
2023-10-16 20:14:27.223 [info] > git status -z -uall [17ms]
2023-10-16 20:14:32.253 [info] > git config --get commit.template [14ms]
2023-10-16 20:14:32.254 [info] > git for-each-ref --format=%(refname)%00%(upstream:short)%00%(objectname)%00%(upstream:track)%00%(upstream:remotename)%00%(upstream:remoteref) --ignore-case refs/heads/master refs/remotes/master [13ms]
2023-10-16 20:14:32.272 [info] > git status -z -uall [17ms]
2023-10-16 20:14:37.431 [info] > git config --get commit.template [15ms]
2023-10-16 20:14:37.431 [info] > git for-each-ref --format=%(refname)%00%(upstream:short)%00%(objectname)%00%(upstream:track)%00%(upstream:remotename)%00%(upstream:remoteref) --ignore-case refs/heads/master refs/remotes/master [14ms]
2023-10-16 20:14:37.450 [info] > git status -z -uall [18ms]
2023-10-16 20:14:42.472 [info] > git config --get commit.template [11ms]
2023-10-16 20:14:42.473 [info] > git for-each-ref --format=%(refname)%00%(upstream:short)%00%(objectname)%00%(upstream:track)%00%(upstream:remotename)%00%(upstream:remoteref) --ignore-case refs/heads/master refs/remotes/master [10ms]
2023-10-16 20:14:42.490 [info] > git status -z -uall [17ms]
2023-10-16 20:14:47.511 [info] > git config --get commit.template [8ms]
2023-10-16 20:14:47.512 [info] > git for-each-ref --format=%(refname)%00%(upstream:short)%00%(objectname)%00%(upstream:track)%00%(upstream:remotename)%00%(upstream:remoteref) --ignore-case refs/heads/master refs/remotes/master [7ms]
2023-10-16 20:14:47.529 [info] > git status -z -uall [17ms]
2023-10-16 20:14:52.559 [info] > git config --get commit.template [13ms]
2023-10-16 20:14:52.559 [info] > git for-each-ref --format=%(refname)%00%(upstream:short)%00%(objectname)%00%(upstream:track)%00%(upstream:remotename)%00%(upstream:remoteref) --ignore-case refs/heads/master refs/remotes/master [12ms]
2023-10-16 20:14:52.578 [info] > git status -z -uall [18ms]
2023-10-16 20:14:57.605 [info] > git config --get commit.template [15ms]
2023-10-16 20:14:57.605 [info] > git for-each-ref --format=%(refname)%00%(upstream:short)%00%(objectname)%00%(upstream:track)%00%(upstream:remotename)%00%(upstream:remoteref) --ignore-case refs/heads/master refs/remotes/master [13ms]
2023-10-16 20:14:57.623 [info] > git status -z -uall [17ms]
2023-10-16 20:15:05.115 [info] > git config --get commit.template [14ms]
2023-10-16 20:15:05.116 [info] > git for-each-ref --format=%(refname)%00%(upstream:short)%00%(objectname)%00%(upstream:track)%00%(upstream:remotename)%00%(upstream:remoteref) --ignore-case refs/heads/master refs/remotes/master [13ms]
2023-10-16 20:15:05.134 [info] > git status -z -uall [18ms]
2023-10-16 20:15:10.162 [info] > git config --get commit.template [12ms]
2023-10-16 20:15:10.162 [info] > git for-each-ref --format=%(refname)%00%(upstream:short)%00%(objectname)%00%(upstream:track)%00%(upstream:remotename)%00%(upstream:remoteref) --ignore-case refs/heads/master refs/remotes/master [11ms]
2023-10-16 20:15:10.180 [info] > git status -z -uall [17ms]
2023-10-16 20:15:15.209 [info] > git config --get commit.template [17ms]
2023-10-16 20:15:15.209 [info] > git for-each-ref --format=%(refname)%00%(upstream:short)%00%(objectname)%00%(upstream:track)%00%(upstream:remotename)%00%(upstream:remoteref) --ignore-case refs/heads/master refs/remotes/master [16ms]
2023-10-16 20:15:15.232 [info] > git status -z -uall [22ms]
2023-10-16 20:15:20.266 [info] > git config --get commit.template [13ms]
2023-10-16 20:15:20.267 [info] > git for-each-ref --format=%(refname)%00%(upstream:short)%00%(objectname)%00%(upstream:track)%00%(upstream:remotename)%00%(upstream:remoteref) --ignore-case refs/heads/master refs/remotes/master [12ms]
2023-10-16 20:15:20.287 [info] > git status -z -uall [20ms]
2023-10-16 20:15:25.312 [info] > git config --get commit.template [7ms]
2023-10-16 20:15:25.313 [info] > git for-each-ref --format=%(refname)%00%(upstream:short)%00%(objectname)%00%(upstream:track)%00%(upstream:remotename)%00%(upstream:remoteref) --ignore-case refs/heads/master refs/remotes/master [8ms]
2023-10-16 20:15:25.336 [info] > git status -z -uall [23ms]
2023-10-16 20:15:30.368 [info] > git config --get commit.template [15ms]
2023-10-16 20:15:30.369 [info] > git for-each-ref --format=%(refname)%00%(upstream:short)%00%(objectname)%00%(upstream:track)%00%(upstream:remotename)%00%(upstream:remoteref) --ignore-case refs/heads/master refs/remotes/master [14ms]
2023-10-16 20:15:30.388 [info] > git status -z -uall [19ms]
2023-10-16 20:15:35.422 [info] > git config --get commit.template [14ms]
2023-10-16 20:15:35.422 [info] > git for-each-ref --format=%(refname)%00%(upstream:short)%00%(objectname)%00%(upstream:track)%00%(upstream:remotename)%00%(upstream:remoteref) --ignore-case refs/heads/master refs/remotes/master [12ms]
2023-10-16 20:15:35.440 [info] > git status -z -uall [17ms]
2023-10-16 20:15:40.459 [info] > git config --get commit.template [6ms]
2023-10-16 20:15:40.459 [info] > git for-each-ref --format=%(refname)%00%(upstream:short)%00%(objectname)%00%(upstream:track)%00%(upstream:remotename)%00%(upstream:remoteref) --ignore-case refs/heads/master refs/remotes/master [6ms]
2023-10-16 20:15:40.478 [info] > git status -z -uall [18ms]
2023-10-16 20:15:45.511 [info] > git config --get commit.template [17ms]
2023-10-16 20:15:45.515 [info] > git for-each-ref --format=%(refname)%00%(upstream:short)%00%(objectname)%00%(upstream:track)%00%(upstream:remotename)%00%(upstream:remoteref) --ignore-case refs/heads/master refs/remotes/master [9ms]
2023-10-16 20:15:45.534 [info] > git status -z -uall [18ms]
2023-10-16 20:15:51.000 [info] > git config --get commit.template [12ms]
2023-10-16 20:15:51.001 [info] > git for-each-ref --format=%(refname)%00%(upstream:short)%00%(objectname)%00%(upstream:track)%00%(upstream:remotename)%00%(upstream:remoteref) --ignore-case refs/heads/master refs/remotes/master [10ms]
2023-10-16 20:15:51.020 [info] > git status -z -uall [19ms]
2023-10-16 20:15:59.689 [info] > git config --get commit.template [12ms]
2023-10-16 20:15:59.690 [info] > git for-each-ref --format=%(refname)%00%(upstream:short)%00%(objectname)%00%(upstream:track)%00%(upstream:remotename)%00%(upstream:remoteref) --ignore-case refs/heads/master refs/remotes/master [11ms]
2023-10-16 20:15:59.713 [info] > git status -z -uall [22ms]
2023-10-16 20:16:19.175 [info] > git config --get commit.template [13ms]
2023-10-16 20:16:19.176 [info] > git for-each-ref --format=%(refname)%00%(upstream:short)%00%(objectname)%00%(upstream:track)%00%(upstream:remotename)%00%(upstream:remoteref) --ignore-case refs/heads/master refs/remotes/master [13ms]
2023-10-16 20:16:19.196 [info] > git status -z -uall [20ms]
2023-10-16 20:16:24.227 [info] > git config --get commit.template [12ms]
2023-10-16 20:16:24.227 [info] > git for-each-ref --format=%(refname)%00%(upstream:short)%00%(objectname)%00%(upstream:track)%00%(upstream:remotename)%00%(upstream:remoteref) --ignore-case refs/heads/master refs/remotes/master [10ms]
2023-10-16 20:16:24.246 [info] > git status -z -uall [18ms]
2023-10-16 20:16:29.280 [info] > git config --get commit.template [15ms]
2023-10-16 20:16:29.284 [info] > git for-each-ref --format=%(refname)%00%(upstream:short)%00%(objectname)%00%(upstream:track)%00%(upstream:remotename)%00%(upstream:remoteref) --ignore-case refs/heads/master refs/remotes/master [9ms]
2023-10-16 20:16:29.305 [info] > git status -z -uall [20ms]
2023-10-16 20:16:34.334 [info] > git config --get commit.template [11ms]
2023-10-16 20:16:34.335 [info] > git for-each-ref --format=%(refname)%00%(upstream:short)%00%(objectname)%00%(upstream:track)%00%(upstream:remotename)%00%(upstream:remoteref) --ignore-case refs/heads/master refs/remotes/master [12ms]
2023-10-16 20:16:34.365 [info] > git status -z -uall [29ms]
2023-10-16 20:16:39.409 [info] > git config --get commit.template [12ms]
2023-10-16 20:16:39.410 [info] > git for-each-ref --format=%(refname)%00%(upstream:short)%00%(objectname)%00%(upstream:track)%00%(upstream:remotename)%00%(upstream:remoteref) --ignore-case refs/heads/master refs/remotes/master [9ms]
2023-10-16 20:16:39.431 [info] > git status -z -uall [21ms]
2023-10-16 20:16:46.546 [info] > git config --get commit.template [13ms]
2023-10-16 20:16:46.547 [info] > git for-each-ref --format=%(refname)%00%(upstream:short)%00%(objectname)%00%(upstream:track)%00%(upstream:remotename)%00%(upstream:remoteref) --ignore-case refs/heads/master refs/remotes/master [13ms]
2023-10-16 20:16:46.573 [info] > git status -z -uall [26ms]
2023-10-16 20:16:51.733 [info] > git config --get commit.template [16ms]
2023-10-16 20:16:51.735 [info] > git for-each-ref --format=%(refname)%00%(upstream:short)%00%(objectname)%00%(upstream:track)%00%(upstream:remotename)%00%(upstream:remoteref) --ignore-case refs/heads/master refs/remotes/master [8ms]
2023-10-16 20:16:51.757 [info] > git status -z -uall [21ms]
2023-10-16 20:17:04.084 [info] > git config --get commit.template [12ms]
2023-10-16 20:17:04.084 [info] > git for-each-ref --format=%(refname)%00%(upstream:short)%00%(objectname)%00%(upstream:track)%00%(upstream:remotename)%00%(upstream:remoteref) --ignore-case refs/heads/master refs/remotes/master [11ms]
2023-10-16 20:17:04.106 [info] > git status -z -uall [21ms]
2023-10-16 20:17:09.141 [info] > git config --get commit.template [14ms]
2023-10-16 20:17:09.141 [info] > git for-each-ref --format=%(refname)%00%(upstream:short)%00%(objectname)%00%(upstream:track)%00%(upstream:remotename)%00%(upstream:remoteref) --ignore-case refs/heads/master refs/remotes/master [12ms]
2023-10-16 20:17:09.164 [info] > git status -z -uall [22ms]
2023-10-16 20:17:14.200 [info] > git config --get commit.template [14ms]
2023-10-16 20:17:14.201 [info] > git for-each-ref --format=%(refname)%00%(upstream:short)%00%(objectname)%00%(upstream:track)%00%(upstream:remotename)%00%(upstream:remoteref) --ignore-case refs/heads/master refs/remotes/master [13ms]
2023-10-16 20:17:14.223 [info] > git status -z -uall [22ms]
2023-10-16 20:17:19.257 [info] > git config --get commit.template [13ms]
2023-10-16 20:17:19.257 [info] > git for-each-ref --format=%(refname)%00%(upstream:short)%00%(objectname)%00%(upstream:track)%00%(upstream:remotename)%00%(upstream:remoteref) --ignore-case refs/heads/master refs/remotes/master [11ms]
2023-10-16 20:17:19.277 [info] > git status -z -uall [20ms]
2023-10-16 20:17:24.308 [info] > git config --get commit.template [12ms]
2023-10-16 20:17:24.309 [info] > git for-each-ref --format=%(refname)%00%(upstream:short)%00%(objectname)%00%(upstream:track)%00%(upstream:remotename)%00%(upstream:remoteref) --ignore-case refs/heads/master refs/remotes/master [12ms]
2023-10-16 20:17:24.329 [info] > git status -z -uall [20ms]
2023-10-16 20:17:32.663 [info] > git config --get commit.template [9ms]
2023-10-16 20:17:32.663 [info] > git for-each-ref --format=%(refname)%00%(upstream:short)%00%(objectname)%00%(upstream:track)%00%(upstream:remotename)%00%(upstream:remoteref) --ignore-case refs/heads/master refs/remotes/master [8ms]
2023-10-16 20:17:32.698 [info] > git status -z -uall [34ms]
2023-10-16 20:17:37.722 [info] > git config --get commit.template [7ms]
2023-10-16 20:17:37.722 [info] > git for-each-ref --format=%(refname)%00%(upstream:short)%00%(objectname)%00%(upstream:track)%00%(upstream:remotename)%00%(upstream:remoteref) --ignore-case refs/heads/master refs/remotes/master [7ms]
2023-10-16 20:17:37.744 [info] > git status -z -uall [21ms]
2023-10-16 20:17:47.800 [info] > git config --get commit.template [15ms]
2023-10-16 20:17:47.801 [info] > git for-each-ref --format=%(refname)%00%(upstream:short)%00%(objectname)%00%(upstream:track)%00%(upstream:remotename)%00%(upstream:remoteref) --ignore-case refs/heads/master refs/remotes/master [14ms]
2023-10-16 20:17:47.841 [info] > git status -z -uall [40ms]
2023-10-16 20:17:57.127 [info] > git ls-files --stage -- /Users/pe8er/.dotfiles/config.symlink/sketchybar/plugins/music.sh [6ms]
2023-10-16 20:17:57.128 [info] > git show --textconv :config.symlink/sketchybar/plugins/music.sh [8ms]
2023-10-16 20:17:57.133 [info] > git cat-file -s f7fdfa4a42209557a5911c0a653008493aa1acfd [5ms]
2023-10-16 20:17:57.748 [info] > git show --textconv :config.symlink/codium-portable-data/user-data/product.json [6ms]
2023-10-16 20:17:57.748 [info] > git ls-files --stage -- /Users/pe8er/.dotfiles/config.symlink/codium-portable-data/user-data/product.json [5ms]
2023-10-16 20:17:58.172 [info] > git ls-files --stage -- /Users/pe8er/.dotfiles/config.symlink/sketchybar/plugins/music.sh [6ms]
2023-10-16 20:17:58.172 [info] > git show --textconv :config.symlink/sketchybar/plugins/music.sh [6ms]
2023-10-16 20:17:58.177 [info] > git cat-file -s f7fdfa4a42209557a5911c0a653008493aa1acfd [5ms]
2023-10-16 20:18:03.240 [info] > git config --get commit.template [12ms]
2023-10-16 20:18:03.241 [info] > git for-each-ref --format=%(refname)%00%(upstream:short)%00%(objectname)%00%(upstream:track)%00%(upstream:remotename)%00%(upstream:remoteref) --ignore-case refs/heads/master refs/remotes/master [11ms]
2023-10-16 20:18:03.282 [info] > git status -z -uall [40ms]
2023-10-16 20:18:08.334 [info] > git config --get commit.template [11ms]
2023-10-16 20:18:08.334 [info] > git for-each-ref --format=%(refname)%00%(upstream:short)%00%(objectname)%00%(upstream:track)%00%(upstream:remotename)%00%(upstream:remoteref) --ignore-case refs/heads/master refs/remotes/master [10ms]
2023-10-16 20:18:08.371 [info] > git status -z -uall [36ms]
2023-10-16 20:18:14.872 [info] > git config --get commit.template [15ms]
2023-10-16 20:18:14.872 [info] > git for-each-ref --format=%(refname)%00%(upstream:short)%00%(objectname)%00%(upstream:track)%00%(upstream:remotename)%00%(upstream:remoteref) --ignore-case refs/heads/master refs/remotes/master [14ms]
2023-10-16 20:18:14.911 [info] > git status -z -uall [38ms]
2023-10-16 20:18:19.958 [info] > git config --get commit.template [12ms]
2023-10-16 20:18:19.958 [info] > git for-each-ref --format=%(refname)%00%(upstream:short)%00%(objectname)%00%(upstream:track)%00%(upstream:remotename)%00%(upstream:remoteref) --ignore-case refs/heads/master refs/remotes/master [11ms]
2023-10-16 20:18:19.996 [info] > git status -z -uall [37ms]
2023-10-16 20:18:31.582 [info] > git config --get commit.template [14ms]
2023-10-16 20:18:31.584 [info] > git for-each-ref --format=%(refname)%00%(upstream:short)%00%(objectname)%00%(upstream:track)%00%(upstream:remotename)%00%(upstream:remoteref) --ignore-case refs/heads/master refs/remotes/master [13ms]
2023-10-16 20:18:31.636 [info] > git status -z -uall [52ms]
2023-10-16 20:18:33.448 [info] > git ls-files --stage -- /Users/pe8er/.dotfiles/config.symlink/sketchybar/plugins/music.sh [11ms]
2023-10-16 20:18:33.449 [info] > git show --textconv :config.symlink/sketchybar/plugins/music.sh [13ms]
2023-10-16 20:18:33.454 [info] > git cat-file -s f7fdfa4a42209557a5911c0a653008493aa1acfd [5ms]
2023-10-16 20:18:36.687 [info] > git config --get commit.template [13ms]
2023-10-16 20:18:36.688 [info] > git for-each-ref --format=%(refname)%00%(upstream:short)%00%(objectname)%00%(upstream:track)%00%(upstream:remotename)%00%(upstream:remoteref) --ignore-case refs/heads/master refs/remotes/master [12ms]
2023-10-16 20:18:36.726 [info] > git status -z -uall [37ms]
2023-10-16 20:18:41.776 [info] > git config --get commit.template [13ms]
2023-10-16 20:18:41.777 [info] > git for-each-ref --format=%(refname)%00%(upstream:short)%00%(objectname)%00%(upstream:track)%00%(upstream:remotename)%00%(upstream:remoteref) --ignore-case refs/heads/master refs/remotes/master [12ms]
2023-10-16 20:18:41.822 [info] > git status -z -uall [45ms]
2023-10-16 20:18:46.875 [info] > git config --get commit.template [14ms]
2023-10-16 20:18:46.876 [info] > git for-each-ref --format=%(refname)%00%(upstream:short)%00%(objectname)%00%(upstream:track)%00%(upstream:remotename)%00%(upstream:remoteref) --ignore-case refs/heads/master refs/remotes/master [11ms]
2023-10-16 20:18:46.914 [info] > git status -z -uall [38ms]
2023-10-16 20:18:49.911 [info] > git ls-files --stage -- /Users/pe8er/.dotfiles/config.symlink/sketchybar/plugins/music.sh [11ms]
2023-10-16 20:18:49.912 [info] > git show --textconv :config.symlink/sketchybar/plugins/music.sh [14ms]
2023-10-16 20:18:49.917 [info] > git cat-file -s f7fdfa4a42209557a5911c0a653008493aa1acfd [6ms]
2023-10-16 20:18:51.961 [info] > git config --get commit.template [12ms]
2023-10-16 20:18:51.962 [info] > git for-each-ref --format=%(refname)%00%(upstream:short)%00%(objectname)%00%(upstream:track)%00%(upstream:remotename)%00%(upstream:remoteref) --ignore-case refs/heads/master refs/remotes/master [12ms]
2023-10-16 20:18:52.004 [info] > git status -z -uall [41ms]
2023-10-16 20:18:57.048 [info] > git config --get commit.template [10ms]
2023-10-16 20:18:57.049 [info] > git for-each-ref --format=%(refname)%00%(upstream:short)%00%(objectname)%00%(upstream:track)%00%(upstream:remotename)%00%(upstream:remoteref) --ignore-case refs/heads/master refs/remotes/master [9ms]
2023-10-16 20:18:57.118 [info] > git status -z -uall [68ms]
2023-10-16 20:19:02.159 [info] > git config --get commit.template [6ms]
2023-10-16 20:19:02.160 [info] > git for-each-ref --format=%(refname)%00%(upstream:short)%00%(objectname)%00%(upstream:track)%00%(upstream:remotename)%00%(upstream:remoteref) --ignore-case refs/heads/master refs/remotes/master [7ms]
2023-10-16 20:19:02.196 [info] > git status -z -uall [36ms]
2023-10-16 20:19:07.249 [info] > git config --get commit.template [15ms]
2023-10-16 20:19:07.250 [info] > git for-each-ref --format=%(refname)%00%(upstream:short)%00%(objectname)%00%(upstream:track)%00%(upstream:remotename)%00%(upstream:remoteref) --ignore-case refs/heads/master refs/remotes/master [14ms]
2023-10-16 20:19:07.307 [info] > git status -z -uall [57ms]
2023-10-16 20:19:13.674 [info] > git config --get commit.template [9ms]
2023-10-16 20:19:13.675 [info] > git for-each-ref --format=%(refname)%00%(upstream:short)%00%(objectname)%00%(upstream:track)%00%(upstream:remotename)%00%(upstream:remoteref) --ignore-case refs/heads/master refs/remotes/master [9ms]
2023-10-16 20:19:13.716 [info] > git status -z -uall [41ms]
2023-10-16 20:19:24.953 [info] > git config --get commit.template [12ms]
2023-10-16 20:19:24.954 [info] > git for-each-ref --format=%(refname)%00%(upstream:short)%00%(objectname)%00%(upstream:track)%00%(upstream:remotename)%00%(upstream:remoteref) --ignore-case refs/heads/master refs/remotes/master [12ms]
2023-10-16 20:19:24.992 [info] > git status -z -uall [38ms]
2023-10-16 20:19:31.416 [info] > git ls-files --stage -- /Users/pe8er/.dotfiles/config.symlink/sketchybar/plugins/music.sh [12ms]
2023-10-16 20:19:31.417 [info] > git show --textconv :config.symlink/sketchybar/plugins/music.sh [15ms]
2023-10-16 20:19:31.422 [info] > git cat-file -s f7fdfa4a42209557a5911c0a653008493aa1acfd [5ms]
2023-10-16 20:19:33.500 [info] > git config --get commit.template [13ms]
2023-10-16 20:19:33.507 [info] > git for-each-ref --format=%(refname)%00%(upstream:short)%00%(objectname)%00%(upstream:track)%00%(upstream:remotename)%00%(upstream:remoteref) --ignore-case refs/heads/master refs/remotes/master [14ms]
2023-10-16 20:19:33.568 [info] > git status -z -uall [60ms]
2023-10-16 20:20:06.199 [info] > git ls-files --stage -- /Users/pe8er/.dotfiles/config.symlink/sketchybar/plugins/music.sh [11ms]
2023-10-16 20:20:06.200 [info] > git show --textconv :config.symlink/sketchybar/plugins/music.sh [14ms]
2023-10-16 20:20:06.204 [info] > git cat-file -s f7fdfa4a42209557a5911c0a653008493aa1acfd [5ms]
2023-10-16 20:20:39.700 [info] > git ls-files --stage -- /Users/pe8er/.dotfiles/config.symlink/sketchybar/plugins/music.sh [15ms]
2023-10-16 20:20:39.701 [info] > git show --textconv :config.symlink/sketchybar/plugins/music.sh [17ms]
2023-10-16 20:20:39.706 [info] > git cat-file -s f7fdfa4a42209557a5911c0a653008493aa1acfd [5ms]
2023-10-16 20:20:57.269 [info] > git config --get commit.template [10ms]
2023-10-16 20:20:57.271 [info] > git for-each-ref --format=%(refname)%00%(upstream:short)%00%(objectname)%00%(upstream:track)%00%(upstream:remotename)%00%(upstream:remoteref) --ignore-case refs/heads/master refs/remotes/master [12ms]
2023-10-16 20:20:57.489 [info] > git status -z -uall [217ms]
2023-10-16 20:21:02.555 [info] > git config --get commit.template [14ms]
2023-10-16 20:21:02.556 [info] > git for-each-ref --format=%(refname)%00%(upstream:short)%00%(objectname)%00%(upstream:track)%00%(upstream:remotename)%00%(upstream:remoteref) --ignore-case refs/heads/master refs/remotes/master [12ms]
2023-10-16 20:21:02.595 [info] > git status -z -uall [39ms]
2023-10-16 20:22:08.905 [info] > git config --get commit.template [7ms]
2023-10-16 20:22:08.907 [info] > git for-each-ref --format=%(refname)%00%(upstream:short)%00%(objectname)%00%(upstream:track)%00%(upstream:remotename)%00%(upstream:remoteref) --ignore-case refs/heads/master refs/remotes/master [9ms]
2023-10-16 20:22:09.054 [info] > git status -z -uall [146ms]
2023-10-16 20:22:12.782 [info] > git ls-files --stage -- /Users/pe8er/.dotfiles/config.symlink/sketchybar/plugins/music.sh [12ms]
2023-10-16 20:22:12.784 [info] > git show --textconv :config.symlink/sketchybar/plugins/music.sh [16ms]
2023-10-16 20:22:12.789 [info] > git cat-file -s f7fdfa4a42209557a5911c0a653008493aa1acfd [6ms]
2023-10-16 20:22:14.122 [info] > git config --get commit.template [12ms]
2023-10-16 20:22:14.124 [info] > git for-each-ref --format=%(refname)%00%(upstream:short)%00%(objectname)%00%(upstream:track)%00%(upstream:remotename)%00%(upstream:remoteref) --ignore-case refs/heads/master refs/remotes/master [13ms]
2023-10-16 20:22:14.190 [info] > git status -z -uall [66ms]
