2023-10-16 20:22:22.284 [info] Deleted uninstalled extension from disk pkief.material-icon-theme /Applications/codium-portable-data/extensions/pkief.material-icon-theme-4.31.0
2023-10-16 20:26:08.345 [info] Getting Manifest... evan-buss.font-switcher
2023-10-16 20:26:08.350 [info] Installing extension: evan-buss.font-switcher
2023-10-16 20:26:09.191 [info] Extension signature verification is not done: evan-buss.font-switcher
2023-10-16 20:26:09.210 [info] Extracted extension to file:///Applications/codium-portable-data/extensions/evan-buss.font-switcher-4.1.0: evan-buss.font-switcher
2023-10-16 20:26:09.212 [info] Renamed to /Applications/codium-portable-data/extensions/evan-buss.font-switcher-4.1.0
2023-10-16 20:26:09.213 [info] Extracting extension completed. evan-buss.font-switcher
2023-10-16 20:26:09.219 [info] Extension installed successfully: evan-buss.font-switcher
2023-10-16 20:31:09.050 [info] Getting Manifest... formulahendry.code-runner
2023-10-16 20:31:09.057 [info] Installing extension: formulahendry.code-runner
2023-10-16 20:31:10.338 [info] Extension signature verification is not done: formulahendry.code-runner
2023-10-16 20:31:10.388 [info] Extracted extension to file:///Applications/codium-portable-data/extensions/formulahendry.code-runner-0.12.1: formulahendry.code-runner
2023-10-16 20:31:10.393 [info] Renamed to /Applications/codium-portable-data/extensions/formulahendry.code-runner-0.12.1
2023-10-16 20:31:10.394 [info] Extracting extension completed. formulahendry.code-runner
2023-10-16 20:31:10.400 [info] Extension installed successfully: formulahendry.code-runner
2023-10-16 20:31:16.261 [info] Getting Manifest... formulahendry.auto-close-tag
2023-10-16 20:31:16.267 [info] Installing extension: formulahendry.auto-close-tag
2023-10-16 20:31:17.160 [info] Extension signature verification is not done: formulahendry.auto-close-tag
2023-10-16 20:31:17.180 [info] Extracted extension to file:///Applications/codium-portable-data/extensions/formulahendry.auto-close-tag-0.5.14: formulahendry.auto-close-tag
2023-10-16 20:31:17.184 [info] Renamed to /Applications/codium-portable-data/extensions/formulahendry.auto-close-tag-0.5.14
2023-10-16 20:31:17.185 [info] Extracting extension completed. formulahendry.auto-close-tag
2023-10-16 20:31:17.190 [info] Extension installed successfully: formulahendry.auto-close-tag
2023-10-16 20:31:38.666 [info] Getting Manifest... idleberg.applescript
2023-10-16 20:31:38.673 [info] Installing extension: idleberg.applescript
2023-10-16 20:31:40.065 [info] Extension signature verification is not done: idleberg.applescript
2023-10-16 20:31:40.147 [info] Extracted extension to file:///Applications/codium-portable-data/extensions/idleberg.applescript-0.25.1: idleberg.applescript
2023-10-16 20:31:40.151 [info] Renamed to /Applications/codium-portable-data/extensions/idleberg.applescript-0.25.1
2023-10-16 20:31:40.152 [info] Extracting extension completed. idleberg.applescript
2023-10-16 20:31:40.161 [info] Extension installed successfully: idleberg.applescript
2023-10-16 20:32:48.690 [info] Getting Manifest... lmcarreiro.vscode-smart-column-indenter
2023-10-16 20:32:48.696 [info] Installing extension: lmcarreiro.vscode-smart-column-indenter
2023-10-16 20:32:51.533 [info] Extension signature verification is not done: lmcarreiro.vscode-smart-column-indenter
2023-10-16 20:32:51.826 [info] Extracted extension to file:///Applications/codium-portable-data/extensions/lmcarreiro.vscode-smart-column-indenter-0.0.13: lmcarreiro.vscode-smart-column-indenter
2023-10-16 20:32:51.832 [info] Renamed to /Applications/codium-portable-data/extensions/lmcarreiro.vscode-smart-column-indenter-0.0.13
2023-10-16 20:32:51.833 [info] Extracting extension completed. lmcarreiro.vscode-smart-column-indenter
2023-10-16 20:32:51.839 [info] Extension installed successfully: lmcarreiro.vscode-smart-column-indenter
2023-10-16 20:35:05.417 [info] Uninstalling extension from the profile: lmcarreiro.vscode-smart-column-indenter@0.0.13 vscode-userdata:/Applications/codium-portable-data/extensions/extensions.json
2023-10-16 20:35:05.435 [info] Marked extension as uninstalled lmcarreiro.vscode-smart-column-indenter-0.0.13
2023-10-16 20:35:06.001 [info] Successfully uninstalled extension from the profile lmcarreiro.vscode-smart-column-indenter@0.0.13 vscode-userdata:/Applications/codium-portable-data/extensions/extensions.json
2023-10-16 20:35:59.093 [info] Getting Manifest... jefftime.malign
2023-10-16 20:35:59.099 [info] Installing extension: jefftime.malign
2023-10-16 20:36:01.552 [info] Extension signature verification is not done: jefftime.malign
2023-10-16 20:36:01.580 [info] Extracted extension to file:///Applications/codium-portable-data/extensions/jefftime.malign-0.3.0: jefftime.malign
2023-10-16 20:36:01.585 [info] Renamed to /Applications/codium-portable-data/extensions/jefftime.malign-0.3.0
2023-10-16 20:36:01.587 [info] Extracting extension completed. jefftime.malign
2023-10-16 20:36:01.591 [info] Extension installed successfully: jefftime.malign
2023-10-16 20:36:22.015 [info] Uninstalling extension from the profile: jefftime.malign@0.3.0 vscode-userdata:/Applications/codium-portable-data/extensions/extensions.json
2023-10-16 20:36:22.034 [info] Marked extension as uninstalled jefftime.malign-0.3.0
2023-10-16 20:36:23.061 [info] Successfully uninstalled extension from the profile jefftime.malign@0.3.0 vscode-userdata:/Applications/codium-portable-data/extensions/extensions.json
2023-10-16 20:36:35.082 [info] Getting Manifest... ronkuslak.dreadalign
2023-10-16 20:36:35.089 [info] Installing extension: ronkuslak.dreadalign
2023-10-16 20:36:36.552 [info] Extension signature verification is not done: ronkuslak.dreadalign
2023-10-16 20:36:36.562 [info] Extracted extension to file:///Applications/codium-portable-data/extensions/ronkuslak.dreadalign-0.0.3: ronkuslak.dreadalign
2023-10-16 20:36:36.567 [info] Renamed to /Applications/codium-portable-data/extensions/ronkuslak.dreadalign-0.0.3
2023-10-16 20:36:36.568 [info] Extracting extension completed. ronkuslak.dreadalign
2023-10-16 20:36:36.572 [info] Extension installed successfully: ronkuslak.dreadalign
2023-10-16 20:37:58.788 [info] Uninstalling extension from the profile: ronkuslak.dreadalign@0.0.3 vscode-userdata:/Applications/codium-portable-data/extensions/extensions.json
2023-10-16 20:37:58.807 [info] Marked extension as uninstalled ronkuslak.dreadalign-0.0.3
2023-10-16 20:37:59.209 [info] Successfully uninstalled extension from the profile ronkuslak.dreadalign@0.0.3 vscode-userdata:/Applications/codium-portable-data/extensions/extensions.json
2023-10-16 20:39:05.841 [info] Getting Manifest... wwm.better-align
2023-10-16 20:39:05.845 [info] Installing extension: wwm.better-align
2023-10-16 20:39:06.844 [info] Extension signature verification is not done: wwm.better-align
2023-10-16 20:39:06.865 [info] Extracted extension to file:///Applications/codium-portable-data/extensions/wwm.better-align-1.1.6: wwm.better-align
2023-10-16 20:39:06.869 [info] Renamed to /Applications/codium-portable-data/extensions/wwm.better-align-1.1.6
2023-10-16 20:39:06.870 [info] Extracting extension completed. wwm.better-align
2023-10-16 20:39:06.874 [info] Extension installed successfully: wwm.better-align
2023-10-16 20:40:52.070 [info] Uninstalling extension from the profile: wwm.better-align@1.1.6 vscode-userdata:/Applications/codium-portable-data/extensions/extensions.json
2023-10-16 20:40:52.091 [info] Marked extension as uninstalled wwm.better-align-1.1.6
2023-10-16 20:40:52.488 [info] Successfully uninstalled extension from the profile wwm.better-align@1.1.6 vscode-userdata:/Applications/codium-portable-data/extensions/extensions.json
2023-10-16 20:41:18.771 [info] Getting Manifest... chouzz.vscode-better-align
2023-10-16 20:41:18.779 [info] Installing extension: chouzz.vscode-better-align
2023-10-16 20:41:19.716 [info] Extension signature verification is not done: chouzz.vscode-better-align
2023-10-16 20:41:19.746 [info] Extracted extension to file:///Applications/codium-portable-data/extensions/chouzz.vscode-better-align-1.4.2: chouzz.vscode-better-align
2023-10-16 20:41:19.749 [info] Renamed to /Applications/codium-portable-data/extensions/chouzz.vscode-better-align-1.4.2
2023-10-16 20:41:19.750 [info] Extracting extension completed. chouzz.vscode-better-align
2023-10-16 20:41:19.754 [info] Extension installed successfully: chouzz.vscode-better-align
2023-10-16 20:44:49.007 [info] Getting Manifest... bladnman.auto-align
2023-10-16 20:44:49.014 [info] Installing extension: bladnman.auto-align
2023-10-16 20:44:58.268 [info] Uninstalling extension from the profile: chouzz.vscode-better-align@1.4.2 vscode-userdata:/Applications/codium-portable-data/extensions/extensions.json
2023-10-16 20:44:58.288 [info] Marked extension as uninstalled chouzz.vscode-better-align-1.4.2
2023-10-16 20:44:58.833 [info] Successfully uninstalled extension from the profile chouzz.vscode-better-align@1.4.2 vscode-userdata:/Applications/codium-portable-data/extensions/extensions.json
2023-10-16 20:45:09.592 [info] Extension signature verification is not done: bladnman.auto-align
2023-10-16 20:45:09.673 [info] Extracted extension to file:///Applications/codium-portable-data/extensions/bladnman.auto-align-0.0.13: bladnman.auto-align
2023-10-16 20:45:09.677 [info] Renamed to /Applications/codium-portable-data/extensions/bladnman.auto-align-0.0.13
2023-10-16 20:45:09.678 [info] Extracting extension completed. bladnman.auto-align
2023-10-16 20:45:09.684 [info] Extension installed successfully: bladnman.auto-align
2023-10-16 20:48:30.716 [info] Getting Manifest... gruntfuggly.align-mode
2023-10-16 20:48:30.724 [info] Installing extension: gruntfuggly.align-mode
2023-10-16 20:48:32.008 [info] Extension signature verification is not done: gruntfuggly.align-mode
2023-10-16 20:48:32.027 [info] Extracted extension to file:///Applications/codium-portable-data/extensions/gruntfuggly.align-mode-0.0.21: gruntfuggly.align-mode
2023-10-16 20:48:32.032 [info] Renamed to /Applications/codium-portable-data/extensions/gruntfuggly.align-mode-0.0.21
2023-10-16 20:48:32.033 [info] Extracting extension completed. gruntfuggly.align-mode
2023-10-16 20:48:32.038 [info] Extension installed successfully: gruntfuggly.align-mode
2023-10-16 20:51:55.605 [info] Uninstalling extension from the profile: gruntfuggly.align-mode@0.0.21 vscode-userdata:/Applications/codium-portable-data/extensions/extensions.json
2023-10-16 20:51:55.624 [info] Marked extension as uninstalled gruntfuggly.align-mode-0.0.21
2023-10-16 20:51:56.173 [info] Successfully uninstalled extension from the profile gruntfuggly.align-mode@0.0.21 vscode-userdata:/Applications/codium-portable-data/extensions/extensions.json
2023-10-16 20:53:27.515 [info] Getting Manifest... archaeron.vscode-tabularize
2023-10-16 20:53:27.519 [info] Installing extension: archaeron.vscode-tabularize
2023-10-16 20:53:29.141 [info] Extension signature verification is not done: archaeron.vscode-tabularize
2023-10-16 20:53:29.148 [info] Extracted extension to file:///Applications/codium-portable-data/extensions/archaeron.vscode-tabularize-0.0.1: archaeron.vscode-tabularize
2023-10-16 20:53:29.151 [info] Renamed to /Applications/codium-portable-data/extensions/archaeron.vscode-tabularize-0.0.1
2023-10-16 20:53:29.152 [info] Extracting extension completed. archaeron.vscode-tabularize
2023-10-16 20:53:29.156 [info] Extension installed successfully: archaeron.vscode-tabularize
2023-10-16 20:54:32.536 [info] Uninstalling extension from the profile: archaeron.vscode-tabularize@0.0.1 vscode-userdata:/Applications/codium-portable-data/extensions/extensions.json
2023-10-16 20:54:32.552 [info] Marked extension as uninstalled archaeron.vscode-tabularize-0.0.1
2023-10-16 20:54:32.974 [info] Successfully uninstalled extension from the profile archaeron.vscode-tabularize@0.0.1 vscode-userdata:/Applications/codium-portable-data/extensions/extensions.json
2023-10-16 20:54:58.482 [info] Getting Manifest... wwm.better-align
2023-10-16 20:54:58.489 [info] Installing extension: wwm.better-align
2023-10-16 20:54:58.623 [info] Extension signature verification is not done: wwm.better-align
2023-10-16 20:54:58.627 [info] Removed the extension from uninstalled list: wwm.better-align
2023-10-16 20:54:58.640 [info] Extension installed successfully: wwm.better-align
2023-10-16 20:56:45.324 [info] Getting Manifest... janjoerke.align-by-regex
2023-10-16 20:56:45.331 [info] Installing extension: janjoerke.align-by-regex
2023-10-16 20:56:46.131 [info] Extension signature verification is not done: janjoerke.align-by-regex
2023-10-16 20:56:46.148 [info] Extracted extension to file:///Applications/codium-portable-data/extensions/janjoerke.align-by-regex-1.0.4: janjoerke.align-by-regex
2023-10-16 20:56:46.152 [info] Renamed to /Applications/codium-portable-data/extensions/janjoerke.align-by-regex-1.0.4
2023-10-16 20:56:46.153 [info] Extracting extension completed. janjoerke.align-by-regex
2023-10-16 20:56:46.160 [info] Extension installed successfully: janjoerke.align-by-regex
2023-10-16 21:08:15.787 [info] Getting Manifest... naumovs.color-highlight
2023-10-16 21:08:15.794 [info] Installing extension: naumovs.color-highlight
2023-10-16 21:08:17.093 [info] Extension signature verification is not done: naumovs.color-highlight
2023-10-16 21:08:17.202 [info] Extracted extension to file:///Applications/codium-portable-data/extensions/naumovs.color-highlight-2.5.0: naumovs.color-highlight
2023-10-16 21:08:17.208 [info] Renamed to /Applications/codium-portable-data/extensions/naumovs.color-highlight-2.5.0
2023-10-16 21:08:17.208 [info] Extracting extension completed. naumovs.color-highlight
2023-10-16 21:08:17.214 [info] Extension installed successfully: naumovs.color-highlight
2023-10-16 21:09:15.207 [info] Getting Manifest... cliffordfajardo.highlight-line-vscode
2023-10-16 21:09:15.214 [info] Installing extension: cliffordfajardo.highlight-line-vscode
2023-10-16 21:09:17.613 [info] Extension signature verification is not done: cliffordfajardo.highlight-line-vscode
2023-10-16 21:09:17.637 [info] Extracted extension to file:///Applications/codium-portable-data/extensions/cliffordfajardo.highlight-line-vscode-0.0.1: cliffordfajardo.highlight-line-vscode
2023-10-16 21:09:17.640 [info] Renamed to /Applications/codium-portable-data/extensions/cliffordfajardo.highlight-line-vscode-0.0.1
2023-10-16 21:09:17.641 [info] Extracting extension completed. cliffordfajardo.highlight-line-vscode
2023-10-16 21:09:17.647 [info] Extension installed successfully: cliffordfajardo.highlight-line-vscode
2023-10-16 21:09:43.011 [info] Getting Manifest... oderwat.indent-rainbow
2023-10-16 21:09:43.018 [info] Installing extension: oderwat.indent-rainbow
2023-10-16 21:09:45.892 [info] Extension signature verification is not done: oderwat.indent-rainbow
2023-10-16 21:09:46.261 [info] Extracted extension to file:///Applications/codium-portable-data/extensions/oderwat.indent-rainbow-8.3.1: oderwat.indent-rainbow
2023-10-16 21:09:46.273 [info] Renamed to /Applications/codium-portable-data/extensions/oderwat.indent-rainbow-8.3.1
2023-10-16 21:09:46.274 [info] Extracting extension completed. oderwat.indent-rainbow
2023-10-16 21:09:46.281 [info] Extension installed successfully: oderwat.indent-rainbow
2023-10-16 21:11:30.025 [info] Getting Manifest... spadin.zmk-tools
2023-10-16 21:11:30.030 [info] Installing extension: spadin.zmk-tools
2023-10-16 21:11:30.653 [info] Extension signature verification is not done: spadin.zmk-tools
2023-10-16 21:11:30.671 [info] Extracted extension to file:///Applications/codium-portable-data/extensions/spadin.zmk-tools-1.3.0: spadin.zmk-tools
2023-10-16 21:11:30.675 [info] Renamed to /Applications/codium-portable-data/extensions/spadin.zmk-tools-1.3.0
2023-10-16 21:11:30.676 [info] Extracting extension completed. spadin.zmk-tools
2023-10-16 21:11:30.681 [info] Extension installed successfully: spadin.zmk-tools
2023-10-16 21:13:32.352 [info] Getting Manifest... yzhang.markdown-all-in-one
2023-10-16 21:13:32.355 [info] Installing extension: yzhang.markdown-all-in-one
2023-10-16 21:13:33.300 [info] Extension signature verification is not done: yzhang.markdown-all-in-one
2023-10-16 21:13:33.326 [info] Extracted extension to file:///Applications/codium-portable-data/extensions/yzhang.markdown-all-in-one-3.5.1: yzhang.markdown-all-in-one
2023-10-16 21:13:33.329 [info] Renamed to /Applications/codium-portable-data/extensions/yzhang.markdown-all-in-one-3.5.1
2023-10-16 21:13:33.329 [info] Extracting extension completed. yzhang.markdown-all-in-one
2023-10-16 21:13:33.334 [info] Extension installed successfully: yzhang.markdown-all-in-one
2023-10-16 21:15:08.195 [info] Uninstalling extension from the profile: bladnman.auto-align@0.0.13 vscode-userdata:/Applications/codium-portable-data/extensions/extensions.json
2023-10-16 21:15:08.215 [info] Marked extension as uninstalled bladnman.auto-align-0.0.13
2023-10-16 21:15:08.901 [info] Successfully uninstalled extension from the profile bladnman.auto-align@0.0.13 vscode-userdata:/Applications/codium-portable-data/extensions/extensions.json
