2023-10-16 20:12:13.576 [info] Getting Manifest... anseki.vscode-color
2023-10-16 20:12:13.579 [info] Installing extension: anseki.vscode-color
2023-10-16 20:12:14.568 [info] Extension signature verification is not done: anseki.vscode-color
2023-10-16 20:12:14.599 [info] Extracted extension to file:///Applications/codium-portable-data/extensions/anseki.vscode-color-0.4.5: anseki.vscode-color
2023-10-16 20:12:14.604 [info] Renamed to /Applications/codium-portable-data/extensions/anseki.vscode-color-0.4.5
2023-10-16 20:12:14.605 [info] Extracting extension completed. anseki.vscode-color
2023-10-16 20:12:14.611 [info] Extension installed successfully: anseki.vscode-color
2023-10-16 20:12:31.588 [info] Getting Manifest... catppuccin.catppuccin-vsc
2023-10-16 20:12:31.592 [info] Installing extension: catppuccin.catppuccin-vsc
2023-10-16 20:12:32.009 [info] Extension signature verification is not done: catppuccin.catppuccin-vsc
2023-10-16 20:12:32.019 [info] Extracted extension to file:///Applications/codium-portable-data/extensions/catppuccin.catppuccin-vsc-3.3.0: catppuccin.catppuccin-vsc
2023-10-16 20:12:32.023 [info] Renamed to /Applications/codium-portable-data/extensions/catppuccin.catppuccin-vsc-3.3.0
2023-10-16 20:12:32.023 [info] Extracting extension completed. catppuccin.catppuccin-vsc
2023-10-16 20:12:32.029 [info] Extension installed successfully: catppuccin.catppuccin-vsc
2023-10-16 20:12:37.539 [info] Getting Manifest... catppuccin.catppuccin-vsc-icons
2023-10-16 20:12:37.544 [info] Installing extension: catppuccin.catppuccin-vsc-icons
2023-10-16 20:12:38.473 [info] Extension signature verification is not done: catppuccin.catppuccin-vsc-icons
2023-10-16 20:12:38.794 [info] Extracted extension to file:///Applications/codium-portable-data/extensions/catppuccin.catppuccin-vsc-icons-0.29.0: catppuccin.catppuccin-vsc-icons
2023-10-16 20:12:38.806 [info] Renamed to /Applications/codium-portable-data/extensions/catppuccin.catppuccin-vsc-icons-0.29.0
2023-10-16 20:12:38.807 [info] Extracting extension completed. catppuccin.catppuccin-vsc-icons
2023-10-16 20:12:38.812 [info] Extension installed successfully: catppuccin.catppuccin-vsc-icons
2023-10-16 20:13:01.956 [info] Getting Manifest... alexdauenhauer.catppuccin-noctis
2023-10-16 20:13:01.961 [info] Installing extension: alexdauenhauer.catppuccin-noctis
2023-10-16 20:13:02.735 [info] Extension signature verification is not done: alexdauenhauer.catppuccin-noctis
2023-10-16 20:13:02.751 [info] Extracted extension to file:///Applications/codium-portable-data/extensions/alexdauenhauer.catppuccin-noctis-1.4.3: alexdauenhauer.catppuccin-noctis
2023-10-16 20:13:02.756 [info] Renamed to /Applications/codium-portable-data/extensions/alexdauenhauer.catppuccin-noctis-1.4.3
2023-10-16 20:13:02.756 [info] Extracting extension completed. alexdauenhauer.catppuccin-noctis
2023-10-16 20:13:02.761 [info] Extension installed successfully: alexdauenhauer.catppuccin-noctis
2023-10-16 20:14:21.111 [info] Getting Manifest... chirtlelovesdolls.nebula-theme
2023-10-16 20:14:21.118 [info] Installing extension: chirtlelovesdolls.nebula-theme
2023-10-16 20:14:21.527 [info] Extension signature verification is not done: chirtlelovesdolls.nebula-theme
2023-10-16 20:14:21.549 [info] Extracted extension to file:///Applications/codium-portable-data/extensions/chirtlelovesdolls.nebula-theme-1.3.3: chirtlelovesdolls.nebula-theme
2023-10-16 20:14:21.554 [info] Renamed to /Applications/codium-portable-data/extensions/chirtlelovesdolls.nebula-theme-1.3.3
2023-10-16 20:14:21.554 [info] Extracting extension completed. chirtlelovesdolls.nebula-theme
2023-10-16 20:14:21.559 [info] Extension installed successfully: chirtlelovesdolls.nebula-theme
2023-10-16 20:15:35.568 [info] Getting Manifest... dnicolson.binary-plist
2023-10-16 20:15:35.575 [info] Installing extension: dnicolson.binary-plist
2023-10-16 20:15:36.166 [info] Extension signature verification is not done: dnicolson.binary-plist
2023-10-16 20:15:36.226 [info] Extracted extension to file:///Applications/codium-portable-data/extensions/dnicolson.binary-plist-0.11.3: dnicolson.binary-plist
2023-10-16 20:15:36.231 [info] Renamed to /Applications/codium-portable-data/extensions/dnicolson.binary-plist-0.11.3
2023-10-16 20:15:36.232 [info] Extracting extension completed. dnicolson.binary-plist
2023-10-16 20:15:36.238 [info] Extension installed successfully: dnicolson.binary-plist
2023-10-16 20:16:07.929 [info] Getting Manifest... donjayamanne.githistory
2023-10-16 20:16:07.936 [info] Installing extension: donjayamanne.githistory
2023-10-16 20:16:08.832 [info] Extension signature verification is not done: donjayamanne.githistory
2023-10-16 20:16:08.849 [info] Extracted extension to file:///Applications/codium-portable-data/extensions/donjayamanne.githistory-0.6.20: donjayamanne.githistory
2023-10-16 20:16:08.853 [info] Renamed to /Applications/codium-portable-data/extensions/donjayamanne.githistory-0.6.20
2023-10-16 20:16:08.854 [info] Extracting extension completed. donjayamanne.githistory
2023-10-16 20:16:08.859 [info] Extension installed successfully: donjayamanne.githistory
2023-10-16 20:16:55.987 [info] Getting Manifest... pkief.material-icon-theme
2023-10-16 20:16:55.994 [info] Installing extension: pkief.material-icon-theme
2023-10-16 20:16:57.873 [info] Extension signature verification is not done: pkief.material-icon-theme
2023-10-16 20:16:58.088 [info] Extracted extension to file:///Applications/codium-portable-data/extensions/pkief.material-icon-theme-4.31.0: pkief.material-icon-theme
2023-10-16 20:16:58.098 [info] Renamed to /Applications/codium-portable-data/extensions/pkief.material-icon-theme-4.31.0
2023-10-16 20:16:58.099 [info] Extracting extension completed. pkief.material-icon-theme
2023-10-16 20:16:58.103 [info] Extension installed successfully: pkief.material-icon-theme
2023-10-16 20:17:11.127 [info] Getting Manifest... equinusocio.vsc-community-material-theme
2023-10-16 20:17:11.135 [info] Installing extension: equinusocio.vsc-community-material-theme
2023-10-16 20:17:12.202 [info] Extension signature verification is not done: equinusocio.vsc-community-material-theme
2023-10-16 20:17:12.216 [info] Extracted extension to file:///Applications/codium-portable-data/extensions/equinusocio.vsc-community-material-theme-1.4.6: equinusocio.vsc-community-material-theme
2023-10-16 20:17:12.221 [info] Renamed to /Applications/codium-portable-data/extensions/equinusocio.vsc-community-material-theme-1.4.6
2023-10-16 20:17:12.221 [info] Extracting extension completed. equinusocio.vsc-community-material-theme
2023-10-16 20:17:12.225 [info] Extension installed successfully: equinusocio.vsc-community-material-theme
2023-10-16 20:17:27.661 [info] Uninstalling extension from the profile: pkief.material-icon-theme@4.31.0 vscode-userdata:/Applications/codium-portable-data/extensions/extensions.json
2023-10-16 20:17:27.679 [info] Marked extension as uninstalled pkief.material-icon-theme-4.31.0
2023-10-16 20:17:28.551 [info] Successfully uninstalled extension from the profile pkief.material-icon-theme@4.31.0 vscode-userdata:/Applications/codium-portable-data/extensions/extensions.json
2023-10-16 20:17:33.203 [info] Getting Manifest... equinusocio.vsc-material-theme
2023-10-16 20:17:33.216 [info] Installing extension: equinusocio.vsc-material-theme
2023-10-16 20:17:35.483 [info] Getting Manifest... equinusocio.vsc-community-material-theme
2023-10-16 20:17:35.969 [info] Getting Manifest... equinusocio.vsc-material-theme-icons
2023-10-16 20:17:36.202 [info] Installing extension: equinusocio.vsc-community-material-theme equinusocio.vsc-material-theme
2023-10-16 20:17:36.202 [info] Installing extension: equinusocio.vsc-material-theme-icons equinusocio.vsc-material-theme
2023-10-16 20:17:37.011 [info] Extension signature verification is not done: equinusocio.vsc-community-material-theme
2023-10-16 20:17:37.026 [info] Extracted extension to file:///Applications/codium-portable-data/extensions/equinusocio.vsc-community-material-theme-1.4.6-universal: equinusocio.vsc-community-material-theme
2023-10-16 20:17:37.031 [info] Renamed to /Applications/codium-portable-data/extensions/equinusocio.vsc-community-material-theme-1.4.6-universal
2023-10-16 20:17:37.031 [info] Extracting extension completed. equinusocio.vsc-community-material-theme
2023-10-16 20:17:44.042 [info] Extension signature verification is not done: equinusocio.vsc-material-theme-icons
2023-10-16 20:17:44.907 [info] Extracted extension to file:///Applications/codium-portable-data/extensions/equinusocio.vsc-material-theme-icons-3.1.4-universal: equinusocio.vsc-material-theme-icons
2023-10-16 20:17:44.930 [info] Renamed to /Applications/codium-portable-data/extensions/equinusocio.vsc-material-theme-icons-3.1.4-universal
2023-10-16 20:17:44.930 [info] Extracting extension completed. equinusocio.vsc-material-theme-icons
2023-10-16 20:17:46.315 [info] Extension signature verification is not done: equinusocio.vsc-material-theme
2023-10-16 20:17:46.347 [info] Extracted extension to file:///Applications/codium-portable-data/extensions/equinusocio.vsc-material-theme-33.10.5: equinusocio.vsc-material-theme
2023-10-16 20:17:46.351 [info] Renamed to /Applications/codium-portable-data/extensions/equinusocio.vsc-material-theme-33.10.5
2023-10-16 20:17:46.351 [info] Extracting extension completed. equinusocio.vsc-material-theme
2023-10-16 20:17:46.355 [info] Extension installed successfully: equinusocio.vsc-community-material-theme
2023-10-16 20:17:46.355 [info] Extension installed successfully: equinusocio.vsc-material-theme-icons
2023-10-16 20:17:46.355 [info] Extension installed successfully: equinusocio.vsc-material-theme
2023-10-16 20:19:06.523 [info] Getting Manifest... esbenp.prettier-vscode
2023-10-16 20:19:06.530 [info] Installing extension: esbenp.prettier-vscode
2023-10-16 20:19:12.386 [info] Extension signature verification is not done: esbenp.prettier-vscode
2023-10-16 20:19:12.425 [info] Extracted extension to file:///Applications/codium-portable-data/extensions/esbenp.prettier-vscode-10.1.0: esbenp.prettier-vscode
2023-10-16 20:19:12.430 [info] Renamed to /Applications/codium-portable-data/extensions/esbenp.prettier-vscode-10.1.0
2023-10-16 20:19:12.431 [info] Extracting extension completed. esbenp.prettier-vscode
2023-10-16 20:19:12.436 [info] Extension installed successfully: esbenp.prettier-vscode
2023-10-16 20:19:57.338 [info] Getting Manifest... foxundermoon.shell-format
2023-10-16 20:19:57.346 [info] Installing extension: foxundermoon.shell-format
2023-10-16 20:19:58.223 [info] Extension signature verification is not done: foxundermoon.shell-format
2023-10-16 20:19:58.233 [info] Extracted extension to file:///Applications/codium-portable-data/extensions/foxundermoon.shell-format-7.2.5: foxundermoon.shell-format
2023-10-16 20:19:58.237 [info] Renamed to /Applications/codium-portable-data/extensions/foxundermoon.shell-format-7.2.5
2023-10-16 20:19:58.237 [info] Extracting extension completed. foxundermoon.shell-format
2023-10-16 20:19:58.242 [info] Extension installed successfully: foxundermoon.shell-format
