shfmt hasn't downloaded yet!Error: ENOENT: no such file or directory, stat '/Applications/codium-portable-data/extensions/foxundermoon.shell-format-7.2.5/bin/shfmt_v3.6.0_darwin_arm64'
Shfmt will be downloaded automatically!
download url: https://github.com/mvdan/sh/releases/download/v3.6.0/shfmt_v3.6.0_darwin_arm64
download to: /Applications/codium-portable-data/extensions/foxundermoon.shell-format-7.2.5/bin/shfmt_v3.6.0_darwin_arm64
If the download fails, you can manually download it to the dest directory.
Or download to another directory, and then set the "shellformat.path" as the path
download shfmt page: https://github.com/mvdan/sh/releases
You can't use this plugin until the download is successful.
downloaded:[0.04%]
downloaded:[0.09%]
downloaded:[0.13%]
downloaded:[0.18%]
downloaded:[0.22%]
downloaded:[0.27%]
downloaded:[0.31%]
downloaded:[0.36%]
downloaded:[0.40%]
downloaded:[0.45%]
downloaded:[0.49%]
downloaded:[0.53%]
downloaded:[0.58%]
downloaded:[0.62%]
downloaded:[0.67%]
downloaded:[0.71%]
downloaded:[0.76%]
downloaded:[0.80%]
downloaded:[0.85%]
downloaded:[0.89%]
downloaded:[0.94%]
downloaded:[0.98%]
downloaded:[1.03%]
downloaded:[1.07%]
downloaded:[1.11%]
downloaded:[1.16%]
downloaded:[1.20%]
downloaded:[1.25%]
downloaded:[1.29%]
downloaded:[1.34%]
downloaded:[1.38%]
downloaded:[1.43%]
downloaded:[1.47%]
downloaded:[1.52%]
downloaded:[1.56%]
downloaded:[1.60%]
downloaded:[1.65%]
downloaded:[1.69%]
downloaded:[1.74%]
downloaded:[1.78%]
downloaded:[1.83%]
downloaded:[1.87%]
downloaded:[1.92%]
downloaded:[1.96%]
downloaded:[2.01%]
downloaded:[2.05%]
downloaded:[2.10%]
downloaded:[2.10%]
downloaded:[2.64%]
downloaded:[2.93%]
downloaded:[3.17%]
downloaded:[3.71%]
downloaded:[4.00%]
downloaded:[4.24%]
downloaded:[4.53%]
downloaded:[4.77%]
downloaded:[5.07%]
downloaded:[5.31%]
downloaded:[5.84%]
downloaded:[6.38%]
downloaded:[6.91%]
downloaded:[7.45%]
downloaded:[7.98%]
downloaded:[8.27%]
downloaded:[8.52%]
downloaded:[8.81%]
downloaded:[9.05%]
downloaded:[9.59%]
downloaded:[10.12%]
downloaded:[10.65%]
downloaded:[11.19%]
downloaded:[11.72%]
downloaded:[12.26%]
downloaded:[12.79%]
downloaded:[13.33%]
downloaded:[13.86%]
downloaded:[14.40%]
downloaded:[14.93%]
downloaded:[15.47%]
downloaded:[16.00%]
downloaded:[16.53%]
downloaded:[17.07%]
downloaded:[17.60%]
downloaded:[18.14%]
downloaded:[18.67%]
downloaded:[19.21%]
downloaded:[19.74%]
downloaded:[20.28%]
downloaded:[20.81%]
downloaded:[21.34%]
downloaded:[21.88%]
downloaded:[22.41%]
downloaded:[22.95%]
downloaded:[23.48%]
downloaded:[24.02%]
downloaded:[24.55%]
downloaded:[25.09%]
downloaded:[25.62%]
downloaded:[26.16%]
downloaded:[26.69%]
downloaded:[27.22%]
downloaded:[27.76%]
downloaded:[28.29%]
downloaded:[28.83%]
downloaded:[29.36%]
downloaded:[29.90%]
downloaded:[30.43%]
downloaded:[30.97%]
downloaded:[31.50%]
downloaded:[32.04%]
downloaded:[32.57%]
downloaded:[33.10%]
downloaded:[33.64%]
downloaded:[34.17%]
downloaded:[34.71%]
downloaded:[35.24%]
downloaded:[35.78%]
downloaded:[36.31%]
downloaded:[36.85%]
downloaded:[37.38%]
downloaded:[37.91%]
downloaded:[38.45%]
downloaded:[38.98%]
downloaded:[39.52%]
downloaded:[40.05%]
downloaded:[40.59%]
downloaded:[41.12%]
downloaded:[41.66%]
downloaded:[42.19%]
downloaded:[42.73%]
downloaded:[43.26%]
downloaded:[43.42%]
downloaded:[43.96%]
downloaded:[44.49%]
downloaded:[45.02%]
downloaded:[45.56%]
downloaded:[46.09%]
downloaded:[46.63%]
downloaded:[47.16%]
downloaded:[47.70%]
downloaded:[48.23%]
downloaded:[48.77%]
downloaded:[49.30%]
downloaded:[49.84%]
downloaded:[50.37%]
downloaded:[50.90%]
downloaded:[51.44%]
downloaded:[51.97%]
downloaded:[52.51%]
downloaded:[53.04%]
downloaded:[53.58%]
downloaded:[54.11%]
downloaded:[54.65%]
downloaded:[55.18%]
downloaded:[55.71%]
downloaded:[56.25%]
downloaded:[56.78%]
downloaded:[57.32%]
downloaded:[57.85%]
downloaded:[58.39%]
downloaded:[58.92%]
downloaded:[59.46%]
downloaded:[59.99%]
downloaded:[60.53%]
downloaded:[61.06%]
downloaded:[61.59%]
downloaded:[62.13%]
downloaded:[62.50%]
downloaded:[63.03%]
downloaded:[63.57%]
downloaded:[64.10%]
downloaded:[64.63%]
downloaded:[65.17%]
downloaded:[65.70%]
downloaded:[66.24%]
downloaded:[66.77%]
downloaded:[67.31%]
downloaded:[67.84%]
downloaded:[68.38%]
downloaded:[68.91%]
downloaded:[69.45%]
downloaded:[69.98%]
downloaded:[70.51%]
downloaded:[70.80%]
downloaded:[71.34%]
downloaded:[71.87%]
downloaded:[71.99%]
downloaded:[72.53%]
downloaded:[73.06%]
downloaded:[73.19%]
downloaded:[73.72%]
downloaded:[74.26%]
downloaded:[74.79%]
downloaded:[75.33%]
downloaded:[75.86%]
downloaded:[76.39%]
downloaded:[76.93%]
downloaded:[77.46%]
downloaded:[78.00%]
downloaded:[78.53%]
downloaded:[79.07%]
downloaded:[79.60%]
downloaded:[80.14%]
downloaded:[80.67%]
downloaded:[81.20%]
downloaded:[81.74%]
downloaded:[82.27%]
downloaded:[82.81%]
downloaded:[83.34%]
downloaded:[83.88%]
downloaded:[84.41%]
downloaded:[84.95%]
downloaded:[85.48%]
downloaded:[86.02%]
downloaded:[86.55%]
downloaded:[87.08%]
downloaded:[87.62%]
downloaded:[88.15%]
downloaded:[88.69%]
downloaded:[89.22%]
downloaded:[89.76%]
downloaded:[90.29%]
downloaded:[90.83%]
downloaded:[91.36%]
downloaded:[91.90%]
downloaded:[92.43%]
downloaded:[92.96%]
downloaded:[93.50%]
downloaded:[94.03%]
downloaded:[94.57%]
downloaded:[95.10%]
downloaded:[95.64%]
downloaded:[96.17%]
downloaded:[96.71%]
downloaded:[97.24%]
downloaded:[97.77%]
downloaded:[98.31%]
downloaded:[98.84%]
downloaded:[99.38%]
downloaded:[99.91%]
downloaded:[100.00%]
download success, You can use it successfully!
Start or issues can be submitted here https://git.io/shfmt
Effective shfmt flags: -i=2
Effective shfmt flags: -i=2
Effective shfmt flags: -i=2
Effective shfmt flags: -i=2
Effective shfmt flags: -i=2
Effective shfmt flags: -i=2
Effective shfmt flags: -i=2
