2023-10-16 20:11:40.057 [info] Added views:workbench.panel.markers.view in workbench.panel.markers
2023-10-16 20:11:40.057 [info] Added views:workbench.panel.output in workbench.panel.output
2023-10-16 20:11:40.057 [info] Added views:terminal in terminal
2023-10-16 20:11:40.057 [info] Added views:outline in workbench.view.explorer
2023-10-16 20:11:40.057 [info] Added views:workbench.scm in workbench.view.scm
2023-10-16 20:11:40.057 [info] Added views:workbench.view.search in workbench.view.search
2023-10-16 20:11:40.057 [info] Added views:timeline in workbench.view.explorer
2023-10-16 20:11:40.057 [info] Added views:workbench.explorer.fileView in workbench.view.explorer
2023-10-16 20:11:40.216 [info] Added views:workbench.debug.welcome in workbench.view.debug
2023-10-16 20:11:40.330 [info] Added views:workbench.panel.repl.view in workbench.panel.repl
2023-10-16 20:11:40.452 [info] Added views:~remote.forwardedPorts in ~remote.forwardedPortsContainer
2023-10-16 20:11:44.942 [info] Added views:workbench.views.extensions.installed,workbench.views.extensions.popular,extensions.recommendedList in workbench.view.extensions
2023-10-16 20:11:44.945 [info] Removed views:workbench.views.extensions.popular from workbench.view.extensions
2023-10-16 20:11:45.027 [info] Added views:workbench.views.extensions.popular in workbench.view.extensions
2023-10-16 20:11:48.803 [info] Removed views:extensions.recommendedList,workbench.views.extensions.popular,workbench.views.extensions.installed from workbench.view.extensions
2023-10-16 20:11:48.809 [info] Added views:workbench.views.extensions.marketplace in workbench.view.extensions
2023-10-16 20:15:21.951 [info] Removed views:workbench.views.extensions.marketplace from workbench.view.extensions
2023-10-16 20:15:21.961 [info] Added views:workbench.views.extensions.installed,workbench.views.extensions.popular,extensions.recommendedList in workbench.view.extensions
2023-10-16 20:15:27.249 [info] Removed views:extensions.recommendedList,workbench.views.extensions.popular,workbench.views.extensions.installed from workbench.view.extensions
2023-10-16 20:15:27.256 [info] Added views:workbench.views.extensions.marketplace in workbench.view.extensions
2023-10-16 20:16:45.129 [info] Removed views:workbench.views.extensions.marketplace from workbench.view.extensions
2023-10-16 20:16:45.142 [info] Added views:workbench.views.extensions.installed,workbench.views.extensions.popular,extensions.recommendedList in workbench.view.extensions
2023-10-16 20:16:47.736 [info] Removed views:extensions.recommendedList,workbench.views.extensions.popular,workbench.views.extensions.installed from workbench.view.extensions
2023-10-16 20:16:47.743 [info] Added views:workbench.views.extensions.marketplace in workbench.view.extensions
