2023-10-16 20:04:51.904 [info] Extension host with pid 41052 started
2023-10-16 20:04:51.915 [info] ExtensionService#_doActivateExtension vscode.git-base, startup: true, activationEvent: '*', root cause: vscode.git
2023-10-16 20:04:51.918 [info] ExtensionService#_doActivateExtension vscode.git, startup: true, activationEvent: '*'
2023-10-16 20:04:51.954 [info] ExtensionService#_doActivateExtension vscode.github, startup: true, activationEvent: '*'
2023-10-16 20:04:51.999 [info] Eager extensions activated
2023-10-16 20:04:52.002 [info] ExtensionService#_doActivateExtension vscode.debug-auto-launch, startup: false, activationEvent: 'onStartupFinished'
2023-10-16 20:04:52.003 [info] ExtensionService#_doActivateExtension vscode.merge-conflict, startup: false, activationEvent: 'onStartupFinished'
2023-10-16 20:04:56.882 [info] ExtensionService#_doActivateExtension vscode.emmet, startup: false, activationEvent: 'onLanguage'
2023-10-16 20:05:00.172 [info] ExtensionService#_doActivateExtension vscode.json-language-features, startup: false, activationEvent: 'onLanguage:jsonc'
2023-10-16 20:05:00.209 [info] ExtensionService#_doActivateExtension vscode.typescript-language-features, startup: false, activationEvent: 'onLanguage:jsonc'
2023-10-16 20:05:37.113 [info] Extension host terminating: renderer closed the MessagePort
2023-10-16 20:05:37.118 [info] Extension host with pid 41052 exiting with code 0
2023-10-16 20:05:37.890 [info] Extension host with pid 43533 started
2023-10-16 20:05:37.890 [info] Skipping acquiring lock for /Applications/codium-portable-data/user-data/User/workspaceStorage/b6cfc3257d4c10dbeccb59468250f26e.
2023-10-16 20:05:37.922 [info] ExtensionService#_doActivateExtension vscode.git-base, startup: true, activationEvent: '*'
2023-10-16 20:05:37.943 [info] ExtensionService#_doActivateExtension vscode.github, startup: true, activationEvent: '*'
2023-10-16 20:05:37.947 [info] Eager extensions activated
2023-10-16 20:05:37.949 [info] ExtensionService#_doActivateExtension vscode.debug-auto-launch, startup: false, activationEvent: 'onStartupFinished'
2023-10-16 20:05:37.950 [info] ExtensionService#_doActivateExtension vscode.merge-conflict, startup: false, activationEvent: 'onStartupFinished'
2023-10-16 20:05:41.047 [info] ExtensionService#_doActivateExtension vscode.git, startup: false, activationEvent: 'api', root cause: vscode.github
2023-10-16 20:05:41.153 [info] ExtensionService#_doActivateExtension vscode.github-authentication, startup: false, activationEvent: 'onAuthenticationRequest:github'
2023-10-16 20:08:42.028 [warning] [Decorations] CAPPING events from decorations provider vscode.git 252
2023-10-16 20:08:47.069 [warning] [Decorations] CAPPING events from decorations provider vscode.git 252
2023-10-16 20:08:50.093 [info] ExtensionService#_doActivateExtension vscode.emmet, startup: false, activationEvent: 'onLanguage'
2023-10-16 20:08:52.095 [warning] [Decorations] CAPPING events from decorations provider vscode.git 252
2023-10-16 20:10:03.167 [warning] [Decorations] CAPPING events from decorations provider vscode.git 252
2023-10-16 20:10:08.208 [warning] [Decorations] CAPPING events from decorations provider vscode.git 252
2023-10-16 20:10:18.165 [warning] [Decorations] CAPPING events from decorations provider vscode.git 252
2023-10-16 20:10:23.927 [warning] [Decorations] CAPPING events from decorations provider vscode.git 252
2023-10-16 20:10:31.031 [warning] [Decorations] CAPPING events from decorations provider vscode.git 252
2023-10-16 20:11:29.290 [warning] [Decorations] CAPPING events from decorations provider vscode.git 253
2023-10-16 20:11:29.423 [info] ExtensionService#_doActivateExtension vscode.extension-editing, startup: false, activationEvent: 'onLanguage:json'
2023-10-16 20:11:29.436 [info] ExtensionService#_doActivateExtension vscode.json-language-features, startup: false, activationEvent: 'onLanguage:json'
2023-10-16 20:11:29.450 [info] ExtensionService#_doActivateExtension vscode.npm, startup: false, activationEvent: 'onLanguage:json'
2023-10-16 20:11:35.602 [warning] [Decorations] CAPPING events from decorations provider vscode.git 255
2023-10-16 20:11:36.557 [info] Extension host terminating: renderer closed the MessagePort
2023-10-16 20:11:36.565 [error] Canceled: Canceled
	at new d (/Applications/VSCodium.app/Contents/Resources/app/out/vs/workbench/api/node/extensionHostProcess.js:125:64080)
	at i._remoteCall (/Applications/VSCodium.app/Contents/Resources/app/out/vs/workbench/api/node/extensionHostProcess.js:134:13779)
	at L.<computed>.U.charCodeAt.L.<computed> (/Applications/VSCodium.app/Contents/Resources/app/out/vs/workbench/api/node/extensionHostProcess.js:134:10331)
	at n._doExecuteCommand (/Applications/VSCodium.app/Contents/Resources/app/out/vs/workbench/api/node/extensionHostProcess.js:125:96332)
	at n.executeCommand (/Applications/VSCodium.app/Contents/Resources/app/out/vs/workbench/api/node/extensionHostProcess.js:125:95657)
	at E.registerCommand.description (/Applications/VSCodium.app/Contents/Resources/app/out/vs/workbench/api/node/extensionHostProcess.js:125:94898)
	at n._executeContributedCommand (/Applications/VSCodium.app/Contents/Resources/app/out/vs/workbench/api/node/extensionHostProcess.js:125:96967)
	at n._doExecuteCommand (/Applications/VSCodium.app/Contents/Resources/app/out/vs/workbench/api/node/extensionHostProcess.js:125:95790)
	at n.executeCommand (/Applications/VSCodium.app/Contents/Resources/app/out/vs/workbench/api/node/extensionHostProcess.js:125:95657)
	at Object.executeCommand (/Applications/VSCodium.app/Contents/Resources/app/out/vs/workbench/api/node/extensionHostProcess.js:140:27475)
	at s.D [as value] (/Applications/VSCodium.app/Contents/Resources/app/extensions/git/dist/main.js:2:1312749)
	at c._deliver (/Applications/VSCodium.app/Contents/Resources/app/out/vs/workbench/api/node/extensionHostProcess.js:80:2465)
	at c._deliverQueue (/Applications/VSCodium.app/Contents/Resources/app/out/vs/workbench/api/node/extensionHostProcess.js:80:2556)
	at c.fire (/Applications/VSCodium.app/Contents/Resources/app/out/vs/workbench/api/node/extensionHostProcess.js:80:2891)
	at Object.m [as dispose] (/Applications/VSCodium.app/Contents/Resources/app/extensions/git/dist/main.js:2:1328537)
	at /Applications/VSCodium.app/Contents/Resources/app/extensions/git/dist/main.js:2:1333378
	at Array.forEach (<anonymous>)
	at g.dispose (/Applications/VSCodium.app/Contents/Resources/app/extensions/git/dist/main.js:2:1333364)
	at w.<anonymous> (/Applications/VSCodium.app/Contents/Resources/app/out/vs/workbench/api/node/extensionHostProcess.js:121:5060)
	at w.dispose (/Applications/VSCodium.app/Contents/Resources/app/out/vs/workbench/api/node/extensionHostProcess.js:121:5157)
	at w.<anonymous> (/Applications/VSCodium.app/Contents/Resources/app/extensions/git/dist/main.js:2:1314761)
	at w.dispose (/Applications/VSCodium.app/Contents/Resources/app/out/vs/workbench/api/node/extensionHostProcess.js:121:5157)
	at o (/Applications/VSCodium.app/Contents/Resources/app/out/vs/workbench/api/node/extensionHostProcess.js:30:829)
	at s._deactivate (/Applications/VSCodium.app/Contents/Resources/app/out/vs/workbench/api/node/extensionHostProcess.js:136:12852)
	at /Applications/VSCodium.app/Contents/Resources/app/out/vs/workbench/api/node/extensionHostProcess.js:136:10108
	at Array.map (<anonymous>)
	at s._deactivateAll (/Applications/VSCodium.app/Contents/Resources/app/out/vs/workbench/api/node/extensionHostProcess.js:136:10096)
	at s.terminate (/Applications/VSCodium.app/Contents/Resources/app/out/vs/workbench/api/node/extensionHostProcess.js:136:10476)
	at o.terminate (/Applications/VSCodium.app/Contents/Resources/app/out/vs/workbench/api/node/extensionHostProcess.js:140:1908)
	at u (/Applications/VSCodium.app/Contents/Resources/app/out/vs/workbench/api/node/extensionHostProcess.js:153:11535)
	at MessagePortMain.<anonymous> (/Applications/VSCodium.app/Contents/Resources/app/out/vs/workbench/api/node/extensionHostProcess.js:153:7610)
	at MessagePortMain.emit (node:events:513:28)
	at MessagePortMain._internalPort.emit (node:electron/js2c/utility_init:2:367) setContext undefined
2023-10-16 20:11:36.568 [error] Canceled: Canceled
	at new d (/Applications/VSCodium.app/Contents/Resources/app/out/vs/workbench/api/node/extensionHostProcess.js:125:64080)
	at i._remoteCall (/Applications/VSCodium.app/Contents/Resources/app/out/vs/workbench/api/node/extensionHostProcess.js:134:13779)
	at L.<computed>.U.charCodeAt.L.<computed> (/Applications/VSCodium.app/Contents/Resources/app/out/vs/workbench/api/node/extensionHostProcess.js:134:10331)
	at n._doExecuteCommand (/Applications/VSCodium.app/Contents/Resources/app/out/vs/workbench/api/node/extensionHostProcess.js:125:96332)
	at n.executeCommand (/Applications/VSCodium.app/Contents/Resources/app/out/vs/workbench/api/node/extensionHostProcess.js:125:95657)
	at E.registerCommand.description (/Applications/VSCodium.app/Contents/Resources/app/out/vs/workbench/api/node/extensionHostProcess.js:125:94898)
	at n._executeContributedCommand (/Applications/VSCodium.app/Contents/Resources/app/out/vs/workbench/api/node/extensionHostProcess.js:125:96967)
	at n._doExecuteCommand (/Applications/VSCodium.app/Contents/Resources/app/out/vs/workbench/api/node/extensionHostProcess.js:125:95790)
	at n.executeCommand (/Applications/VSCodium.app/Contents/Resources/app/out/vs/workbench/api/node/extensionHostProcess.js:125:95657)
	at Object.executeCommand (/Applications/VSCodium.app/Contents/Resources/app/out/vs/workbench/api/node/extensionHostProcess.js:140:27475)
	at set b [as b] (/Applications/VSCodium.app/Contents/Resources/app/extensions/github/dist/extension.js:2:714364)
	at /Applications/VSCodium.app/Contents/Resources/app/extensions/github/dist/extension.js:2:715005
	at s.value (/Applications/VSCodium.app/Contents/Resources/app/extensions/git/dist/main.js:2:1401989)
	at c._deliver (/Applications/VSCodium.app/Contents/Resources/app/out/vs/workbench/api/node/extensionHostProcess.js:80:2465)
	at c._deliverQueue (/Applications/VSCodium.app/Contents/Resources/app/out/vs/workbench/api/node/extensionHostProcess.js:80:2556)
	at c.fire (/Applications/VSCodium.app/Contents/Resources/app/out/vs/workbench/api/node/extensionHostProcess.js:80:2891)
	at Object.m [as dispose] (/Applications/VSCodium.app/Contents/Resources/app/extensions/git/dist/main.js:2:1328537)
	at /Applications/VSCodium.app/Contents/Resources/app/extensions/git/dist/main.js:2:1333378
	at Array.forEach (<anonymous>)
	at g.dispose (/Applications/VSCodium.app/Contents/Resources/app/extensions/git/dist/main.js:2:1333364)
	at w.<anonymous> (/Applications/VSCodium.app/Contents/Resources/app/out/vs/workbench/api/node/extensionHostProcess.js:121:5060)
	at w.dispose (/Applications/VSCodium.app/Contents/Resources/app/out/vs/workbench/api/node/extensionHostProcess.js:121:5157)
	at w.<anonymous> (/Applications/VSCodium.app/Contents/Resources/app/extensions/git/dist/main.js:2:1314761)
	at w.dispose (/Applications/VSCodium.app/Contents/Resources/app/out/vs/workbench/api/node/extensionHostProcess.js:121:5157)
	at o (/Applications/VSCodium.app/Contents/Resources/app/out/vs/workbench/api/node/extensionHostProcess.js:30:829)
	at s._deactivate (/Applications/VSCodium.app/Contents/Resources/app/out/vs/workbench/api/node/extensionHostProcess.js:136:12852)
	at /Applications/VSCodium.app/Contents/Resources/app/out/vs/workbench/api/node/extensionHostProcess.js:136:10108
	at Array.map (<anonymous>)
	at s._deactivateAll (/Applications/VSCodium.app/Contents/Resources/app/out/vs/workbench/api/node/extensionHostProcess.js:136:10096)
	at s.terminate (/Applications/VSCodium.app/Contents/Resources/app/out/vs/workbench/api/node/extensionHostProcess.js:136:10476)
	at o.terminate (/Applications/VSCodium.app/Contents/Resources/app/out/vs/workbench/api/node/extensionHostProcess.js:140:1908)
	at u (/Applications/VSCodium.app/Contents/Resources/app/out/vs/workbench/api/node/extensionHostProcess.js:153:11535)
	at MessagePortMain.<anonymous> (/Applications/VSCodium.app/Contents/Resources/app/out/vs/workbench/api/node/extensionHostProcess.js:153:7610)
	at MessagePortMain.emit (node:events:513:28)
	at MessagePortMain._internalPort.emit (node:electron/js2c/utility_init:2:367) setContext undefined
2023-10-16 20:11:36.569 [info] Extension host with pid 43533 exiting with code 0
