2023-10-16 20:22:21.950 [info] Added views:workbench.panel.markers.view in workbench.panel.markers
2023-10-16 20:22:21.950 [info] Added views:workbench.panel.output in workbench.panel.output
2023-10-16 20:22:21.950 [info] Added views:terminal in terminal
2023-10-16 20:22:21.950 [info] Added views:outline in workbench.view.explorer
2023-10-16 20:22:21.950 [info] Added views:workbench.scm in workbench.view.scm
2023-10-16 20:22:21.950 [info] Added views:workbench.view.search in workbench.view.search
2023-10-16 20:22:21.950 [info] Added views:timeline in workbench.view.explorer
2023-10-16 20:22:21.950 [info] Added views:workbench.explorer.fileView in workbench.view.explorer
2023-10-16 20:22:22.065 [info] Added views:workbench.debug.welcome in workbench.view.debug
2023-10-16 20:22:22.340 [info] Added views:workbench.panel.repl.view in workbench.panel.repl
2023-10-16 20:22:22.475 [info] Added views:~remote.forwardedPorts in ~remote.forwardedPortsContainer
2023-10-16 20:22:43.270 [info] Added views:workbench.views.extensions.installed,workbench.views.extensions.popular,extensions.recommendedList in workbench.view.extensions
2023-10-16 20:22:43.273 [info] Removed views:workbench.views.extensions.popular from workbench.view.extensions
2023-10-16 20:22:47.416 [info] Removed views:extensions.recommendedList,workbench.views.extensions.installed from workbench.view.extensions
2023-10-16 20:22:47.423 [info] Added views:workbench.views.extensions.marketplace in workbench.view.extensions
2023-10-16 20:35:08.426 [info] Added views:workbench.panel.markers.view in workbench.panel.markers
2023-10-16 20:35:08.426 [info] Added views:workbench.panel.output in workbench.panel.output
2023-10-16 20:35:08.426 [info] Added views:terminal in terminal
2023-10-16 20:35:08.426 [info] Added views:outline in workbench.view.explorer
2023-10-16 20:35:08.426 [info] Added views:workbench.scm in workbench.view.scm
2023-10-16 20:35:08.426 [info] Added views:workbench.view.search in workbench.view.search
2023-10-16 20:35:08.426 [info] Added views:timeline in workbench.view.explorer
2023-10-16 20:35:08.426 [info] Added views:workbench.explorer.fileView in workbench.view.explorer
2023-10-16 20:35:08.453 [info] Added views:workbench.debug.welcome in workbench.view.debug
2023-10-16 20:35:08.646 [info] Added views:~remote.forwardedPorts in ~remote.forwardedPortsContainer
2023-10-16 20:35:08.824 [info] Added views:workbench.panel.repl.view in workbench.panel.repl
2023-10-16 20:35:08.861 [info] Added views:workbench.views.extensions.installed,extensions.recommendedList in workbench.view.extensions
2023-10-16 20:35:31.525 [info] Removed views:extensions.recommendedList,workbench.views.extensions.installed from workbench.view.extensions
2023-10-16 20:35:31.533 [info] Added views:workbench.views.extensions.marketplace in workbench.view.extensions
2023-10-16 20:38:00.441 [info] Added views:workbench.panel.markers.view in workbench.panel.markers
2023-10-16 20:38:00.441 [info] Added views:workbench.panel.output in workbench.panel.output
2023-10-16 20:38:00.441 [info] Added views:terminal in terminal
2023-10-16 20:38:00.441 [info] Added views:outline in workbench.view.explorer
2023-10-16 20:38:00.441 [info] Added views:workbench.scm in workbench.view.scm
2023-10-16 20:38:00.441 [info] Added views:workbench.view.search in workbench.view.search
2023-10-16 20:38:00.441 [info] Added views:timeline in workbench.view.explorer
2023-10-16 20:38:00.441 [info] Added views:workbench.explorer.fileView in workbench.view.explorer
2023-10-16 20:38:00.507 [info] Added views:workbench.debug.welcome in workbench.view.debug
2023-10-16 20:38:00.724 [info] Added views:workbench.panel.repl.view in workbench.panel.repl
2023-10-16 20:38:00.782 [info] Added views:workbench.views.extensions.installed,extensions.recommendedList in workbench.view.extensions
2023-10-16 20:38:00.786 [info] Added views:~remote.forwardedPorts in ~remote.forwardedPortsContainer
2023-10-16 20:38:04.723 [info] Removed views:extensions.recommendedList,workbench.views.extensions.installed from workbench.view.extensions
2023-10-16 20:38:04.728 [info] Added views:workbench.views.extensions.marketplace in workbench.view.extensions
2023-10-16 20:45:00.265 [info] Added views:workbench.panel.markers.view in workbench.panel.markers
2023-10-16 20:45:00.266 [info] Added views:workbench.panel.output in workbench.panel.output
2023-10-16 20:45:00.266 [info] Added views:terminal in terminal
2023-10-16 20:45:00.266 [info] Added views:outline in workbench.view.explorer
2023-10-16 20:45:00.266 [info] Added views:workbench.scm in workbench.view.scm
2023-10-16 20:45:00.266 [info] Added views:workbench.view.search in workbench.view.search
2023-10-16 20:45:00.266 [info] Added views:timeline in workbench.view.explorer
2023-10-16 20:45:00.266 [info] Added views:workbench.explorer.fileView in workbench.view.explorer
2023-10-16 20:45:00.339 [info] Added views:workbench.debug.welcome in workbench.view.debug
2023-10-16 20:45:00.552 [info] Added views:workbench.panel.repl.view in workbench.panel.repl
2023-10-16 20:45:00.649 [info] Added views:~remote.forwardedPorts in ~remote.forwardedPortsContainer
2023-10-16 20:45:00.681 [info] Added views:workbench.views.extensions.installed,extensions.recommendedList in workbench.view.extensions
2023-10-16 20:48:13.576 [info] Removed views:extensions.recommendedList,workbench.views.extensions.installed from workbench.view.extensions
2023-10-16 20:48:13.586 [info] Added views:workbench.views.extensions.marketplace in workbench.view.extensions
2023-10-16 20:54:34.267 [info] Added views:workbench.panel.markers.view in workbench.panel.markers
2023-10-16 20:54:34.268 [info] Added views:workbench.panel.output in workbench.panel.output
2023-10-16 20:54:34.268 [info] Added views:terminal in terminal
2023-10-16 20:54:34.268 [info] Added views:outline in workbench.view.explorer
2023-10-16 20:54:34.268 [info] Added views:workbench.scm in workbench.view.scm
2023-10-16 20:54:34.268 [info] Added views:workbench.view.search in workbench.view.search
2023-10-16 20:54:34.268 [info] Added views:timeline in workbench.view.explorer
2023-10-16 20:54:34.268 [info] Added views:workbench.explorer.fileView in workbench.view.explorer
2023-10-16 20:54:34.358 [info] Added views:workbench.debug.welcome in workbench.view.debug
2023-10-16 20:54:34.599 [info] Added views:workbench.panel.repl.view in workbench.panel.repl
2023-10-16 20:54:34.664 [info] Added views:workbench.views.extensions.installed,extensions.recommendedList in workbench.view.extensions
2023-10-16 20:54:34.669 [info] Added views:~remote.forwardedPorts in ~remote.forwardedPortsContainer
2023-10-16 20:54:38.100 [info] Removed views:extensions.recommendedList,workbench.views.extensions.installed from workbench.view.extensions
2023-10-16 20:54:38.106 [info] Added views:workbench.views.extensions.marketplace in workbench.view.extensions
2023-10-16 21:14:55.856 [info] Removed views:workbench.views.extensions.marketplace from workbench.view.extensions
2023-10-16 21:14:55.864 [info] Added views:workbench.views.extensions.installed,extensions.recommendedList in workbench.view.extensions
2023-10-16 21:15:04.828 [info] Showing view workbench.views.extensions.disabled in the container workbench.view.extensions
2023-10-16 21:15:04.828 [info] Added views:workbench.views.extensions.disabled in workbench.view.extensions
