2023-10-16 20:11:40.281 [info] Extension host with pid 55818 started
2023-10-16 20:11:40.281 [info] Skipping acquiring lock for /Applications/codium-portable-data/user-data/User/workspaceStorage/b6cfc3257d4c10dbeccb59468250f26e.
2023-10-16 20:11:40.330 [info] ExtensionService#_doActivateExtension vscode.emmet, startup: false, activationEvent: 'onLanguage'
2023-10-16 20:11:40.334 [info] ExtensionService#_doActivateExtension vscode.extension-editing, startup: false, activationEvent: 'onLanguage:json'
2023-10-16 20:11:40.342 [info] ExtensionService#_doActivateExtension vscode.json-language-features, startup: false, activationEvent: 'onLanguage:json'
2023-10-16 20:11:40.352 [info] ExtensionService#_doActivateExtension vscode.npm, startup: false, activationEvent: 'onLanguage:json'
2023-10-16 20:11:40.733 [info] ExtensionService#_doActivateExtension vscode.git-base, startup: true, activationEvent: '*', root cause: vscode.git
2023-10-16 20:11:40.758 [info] ExtensionService#_doActivateExtension vscode.git, startup: true, activationEvent: '*'
2023-10-16 20:11:40.772 [info] ExtensionService#_doActivateExtension vscode.github, startup: true, activationEvent: '*'
2023-10-16 20:11:40.847 [info] Eager extensions activated
2023-10-16 20:11:40.889 [info] ExtensionService#_doActivateExtension vscode.debug-auto-launch, startup: false, activationEvent: 'onStartupFinished'
2023-10-16 20:11:40.891 [info] ExtensionService#_doActivateExtension vscode.merge-conflict, startup: false, activationEvent: 'onStartupFinished'
2023-10-16 20:11:40.958 [warning] [Decorations] CAPPING events from decorations provider vscode.git 275
2023-10-16 20:11:40.966 [info] ExtensionService#_doActivateExtension vscode.github-authentication, startup: false, activationEvent: 'onAuthenticationRequest:github'
2023-10-16 20:11:40.992 [warning] [Decorations] CAPPING events from decorations provider vscode.git 276
2023-10-16 20:11:44.110 [warning] [Decorations] CAPPING events from decorations provider vscode.git 276
2023-10-16 20:11:49.151 [warning] [Decorations] CAPPING events from decorations provider vscode.git 276
2023-10-16 20:11:54.189 [warning] [Decorations] CAPPING events from decorations provider vscode.git 279
2023-10-16 20:11:59.225 [warning] [Decorations] CAPPING events from decorations provider vscode.git 280
2023-10-16 20:12:04.264 [warning] [Decorations] CAPPING events from decorations provider vscode.git 280
2023-10-16 20:12:09.558 [warning] [Decorations] CAPPING events from decorations provider vscode.git 307
2023-10-16 20:12:14.589 [warning] [Decorations] CAPPING events from decorations provider vscode.git 321
2023-10-16 20:12:19.626 [warning] [Decorations] CAPPING events from decorations provider vscode.git 362
2023-10-16 20:12:24.656 [warning] [Decorations] CAPPING events from decorations provider vscode.git 372
2023-10-16 20:12:32.071 [info] ExtensionService#_doActivateExtension Catppuccin.catppuccin-vsc, startup: false, activationEvent: 'onStartupFinished'
2023-10-16 20:12:36.141 [info] ExtensionService#_doActivateExtension vscode.typescript-language-features, startup: false, activationEvent: 'onLanguage:jsonc'
2023-10-16 20:12:37.344 [warning] [Decorations] CAPPING events from decorations provider vscode.git 403
2023-10-16 20:12:42.779 [warning] [Decorations] CAPPING events from decorations provider vscode.git 1673
2023-10-16 20:12:47.828 [warning] [Decorations] CAPPING events from decorations provider vscode.git 1674
2023-10-16 20:12:52.874 [warning] [Decorations] CAPPING events from decorations provider vscode.git 1674
2023-10-16 20:12:57.923 [warning] [Decorations] CAPPING events from decorations provider vscode.git 1686
2023-10-16 20:13:02.963 [warning] [Decorations] CAPPING events from decorations provider vscode.git 1703
2023-10-16 20:13:08.014 [warning] [Decorations] CAPPING events from decorations provider vscode.git 1704
2023-10-16 20:13:13.058 [warning] [Decorations] CAPPING events from decorations provider vscode.git 1704
2023-10-16 20:13:18.108 [warning] [Decorations] CAPPING events from decorations provider vscode.git 1704
2023-10-16 20:13:23.154 [warning] [Decorations] CAPPING events from decorations provider vscode.git 1704
2023-10-16 20:13:28.206 [warning] [Decorations] CAPPING events from decorations provider vscode.git 1704
2023-10-16 20:13:33.250 [warning] [Decorations] CAPPING events from decorations provider vscode.git 1705
2023-10-16 20:13:38.302 [warning] [Decorations] CAPPING events from decorations provider vscode.git 1705
2023-10-16 20:13:50.899 [warning] [Decorations] CAPPING events from decorations provider vscode.git 1712
2023-10-16 20:13:55.947 [warning] [Decorations] CAPPING events from decorations provider vscode.git 1722
2023-10-16 20:14:02.001 [warning] [Decorations] CAPPING events from decorations provider vscode.git 1724
2023-10-16 20:14:07.047 [warning] [Decorations] CAPPING events from decorations provider vscode.git 1724
2023-10-16 20:14:12.101 [warning] [Decorations] CAPPING events from decorations provider vscode.git 1724
2023-10-16 20:14:17.147 [warning] [Decorations] CAPPING events from decorations provider vscode.git 1728
2023-10-16 20:14:21.607 [info] ExtensionService#_doActivateExtension ChirtleLovesDolls.nebula-theme, startup: false, activationEvent: '*'
2023-10-16 20:14:22.195 [warning] [Decorations] CAPPING events from decorations provider vscode.git 1799
2023-10-16 20:14:27.229 [warning] [Decorations] CAPPING events from decorations provider vscode.git 1799
2023-10-16 20:14:32.278 [warning] [Decorations] CAPPING events from decorations provider vscode.git 1825
2023-10-16 20:14:37.456 [warning] [Decorations] CAPPING events from decorations provider vscode.git 1854
2023-10-16 20:14:42.497 [warning] [Decorations] CAPPING events from decorations provider vscode.git 1860
2023-10-16 20:14:47.536 [warning] [Decorations] CAPPING events from decorations provider vscode.git 1863
2023-10-16 20:14:52.584 [warning] [Decorations] CAPPING events from decorations provider vscode.git 1864
2023-10-16 20:14:57.629 [warning] [Decorations] CAPPING events from decorations provider vscode.git 1871
2023-10-16 20:15:05.140 [warning] [Decorations] CAPPING events from decorations provider vscode.git 1888
2023-10-16 20:15:10.187 [warning] [Decorations] CAPPING events from decorations provider vscode.git 1896
2023-10-16 20:15:15.243 [warning] [Decorations] CAPPING events from decorations provider vscode.git 1896
2023-10-16 20:15:20.297 [warning] [Decorations] CAPPING events from decorations provider vscode.git 1896
2023-10-16 20:15:25.345 [warning] [Decorations] CAPPING events from decorations provider vscode.git 1896
2023-10-16 20:15:30.397 [warning] [Decorations] CAPPING events from decorations provider vscode.git 1914
2023-10-16 20:15:35.446 [warning] [Decorations] CAPPING events from decorations provider vscode.git 1916
2023-10-16 20:15:36.257 [info] ExtensionService#_doActivateExtension dnicolson.binary-plist, startup: false, activationEvent: '*'
2023-10-16 20:15:40.485 [warning] [Decorations] CAPPING events from decorations provider vscode.git 2119
2023-10-16 20:15:45.541 [warning] [Decorations] CAPPING events from decorations provider vscode.git 2142
2023-10-16 20:15:51.027 [warning] [Decorations] CAPPING events from decorations provider vscode.git 2187
2023-10-16 20:15:59.724 [warning] [Decorations] CAPPING events from decorations provider vscode.git 2207
2023-10-16 20:16:19.204 [warning] [Decorations] CAPPING events from decorations provider vscode.git 2265
2023-10-16 20:16:24.254 [warning] [Decorations] CAPPING events from decorations provider vscode.git 2277
2023-10-16 20:16:29.312 [warning] [Decorations] CAPPING events from decorations provider vscode.git 2277
2023-10-16 20:16:34.378 [warning] [Decorations] CAPPING events from decorations provider vscode.git 2279
2023-10-16 20:16:39.438 [warning] [Decorations] CAPPING events from decorations provider vscode.git 2281
2023-10-16 20:16:46.580 [warning] [Decorations] CAPPING events from decorations provider vscode.git 2281
2023-10-16 20:16:51.764 [warning] [Decorations] CAPPING events from decorations provider vscode.git 2292
2023-10-16 20:16:58.148 [info] ExtensionService#_doActivateExtension PKief.material-icon-theme, startup: false, activationEvent: 'onStartupFinished'
2023-10-16 20:17:04.115 [warning] [Decorations] CAPPING events from decorations provider vscode.git 3200
2023-10-16 20:17:09.177 [warning] [Decorations] CAPPING events from decorations provider vscode.git 3201
2023-10-16 20:17:14.232 [warning] [Decorations] CAPPING events from decorations provider vscode.git 3220
2023-10-16 20:17:19.287 [warning] [Decorations] CAPPING events from decorations provider vscode.git 3222
2023-10-16 20:17:24.339 [warning] [Decorations] CAPPING events from decorations provider vscode.git 3229
2023-10-16 20:17:32.709 [warning] [Decorations] CAPPING events from decorations provider vscode.git 3230
2023-10-16 20:17:37.754 [warning] [Decorations] CAPPING events from decorations provider vscode.git 3272
2023-10-16 20:17:46.409 [info] ExtensionService#_doActivateExtension equinusocio.vsc-material-theme-icons, startup: false, activationEvent: 'onStartupFinished'
2023-10-16 20:17:46.419 [info] ExtensionService#_doActivateExtension Equinusocio.vsc-material-theme, startup: false, activationEvent: 'onStartupFinished'
2023-10-16 20:17:47.864 [warning] [Decorations] CAPPING events from decorations provider vscode.git 7237
2023-10-16 20:18:03.307 [warning] [Decorations] CAPPING events from decorations provider vscode.git 7303
2023-10-16 20:18:08.394 [warning] [Decorations] CAPPING events from decorations provider vscode.git 7303
2023-10-16 20:18:14.935 [warning] [Decorations] CAPPING events from decorations provider vscode.git 7304
2023-10-16 20:18:20.020 [warning] [Decorations] CAPPING events from decorations provider vscode.git 7304
2023-10-16 20:18:31.660 [warning] [Decorations] CAPPING events from decorations provider vscode.git 7305
2023-10-16 20:18:36.749 [warning] [Decorations] CAPPING events from decorations provider vscode.git 7304
2023-10-16 20:18:41.846 [warning] [Decorations] CAPPING events from decorations provider vscode.git 7304
2023-10-16 20:18:46.938 [warning] [Decorations] CAPPING events from decorations provider vscode.git 7304
2023-10-16 20:18:52.029 [warning] [Decorations] CAPPING events from decorations provider vscode.git 7304
2023-10-16 20:18:57.141 [warning] [Decorations] CAPPING events from decorations provider vscode.git 7304
2023-10-16 20:19:02.220 [warning] [Decorations] CAPPING events from decorations provider vscode.git 7317
2023-10-16 20:19:07.331 [warning] [Decorations] CAPPING events from decorations provider vscode.git 7318
2023-10-16 20:19:12.473 [info] ExtensionService#_doActivateExtension esbenp.prettier-vscode, startup: false, activationEvent: 'onStartupFinished'
2023-10-16 20:19:13.742 [warning] [Decorations] CAPPING events from decorations provider vscode.git 7359
2023-10-16 20:19:25.017 [warning] [Decorations] CAPPING events from decorations provider vscode.git 7363
2023-10-16 20:19:33.596 [warning] [Decorations] CAPPING events from decorations provider vscode.git 7363
2023-10-16 20:19:58.277 [info] ExtensionService#_doActivateExtension foxundermoon.shell-format, startup: false, activationEvent: 'onLanguage:shellscript'
2023-10-16 20:20:10.196 [error] [foxundermoon.shell-format] provider FAILED
2023-10-16 20:20:10.196 [error] <standard input>:15:21: arrays are a bash/mksh feature (parsed as posix via -ln=auto)

2023-10-16 20:20:24.273 [error] [foxundermoon.shell-format] provider FAILED
2023-10-16 20:20:24.273 [error] <standard input>:15:21: arrays are a bash/mksh feature (parsed as posix via -ln=auto)

2023-10-16 20:20:28.374 [error] [foxundermoon.shell-format] provider FAILED
2023-10-16 20:20:28.374 [error] <standard input>:15:21: arrays are a bash/mksh feature (parsed as posix via -ln=auto)

2023-10-16 20:20:41.626 [error] [foxundermoon.shell-format] provider FAILED
2023-10-16 20:20:41.626 [error] <standard input>:15:21: arrays are a bash/mksh feature (parsed as posix via -ln=auto)

2023-10-16 20:20:43.216 [error] [foxundermoon.shell-format] provider FAILED
2023-10-16 20:20:43.216 [error] <standard input>:15:21: arrays are a bash/mksh feature (parsed as posix via -ln=auto)

2023-10-16 20:20:57.526 [warning] [Decorations] CAPPING events from decorations provider vscode.git 7428
2023-10-16 20:21:02.620 [warning] [Decorations] CAPPING events from decorations provider vscode.git 7428
2023-10-16 20:22:09.091 [warning] [Decorations] CAPPING events from decorations provider vscode.git 7428
2023-10-16 20:22:14.213 [warning] [Decorations] CAPPING events from decorations provider vscode.git 7428
2023-10-16 20:22:14.587 [error] [foxundermoon.shell-format] provider FAILED
2023-10-16 20:22:14.587 [error] <standard input>:15:21: arrays are a bash/mksh feature (parsed as posix via -ln=auto)

2023-10-16 20:22:17.380 [error] [foxundermoon.shell-format] provider FAILED
2023-10-16 20:22:17.380 [error] <standard input>:15:21: arrays are a bash/mksh feature (parsed as posix via -ln=auto)

2023-10-16 20:22:18.713 [info] Extension host terminating: renderer closed the MessagePort
2023-10-16 20:22:18.720 [error] Canceled: Canceled
	at new d (/Applications/VSCodium.app/Contents/Resources/app/out/vs/workbench/api/node/extensionHostProcess.js:125:64080)
	at i._remoteCall (/Applications/VSCodium.app/Contents/Resources/app/out/vs/workbench/api/node/extensionHostProcess.js:134:13779)
	at L.<computed>.U.charCodeAt.L.<computed> (/Applications/VSCodium.app/Contents/Resources/app/out/vs/workbench/api/node/extensionHostProcess.js:134:10331)
	at n._doExecuteCommand (/Applications/VSCodium.app/Contents/Resources/app/out/vs/workbench/api/node/extensionHostProcess.js:125:96332)
	at n.executeCommand (/Applications/VSCodium.app/Contents/Resources/app/out/vs/workbench/api/node/extensionHostProcess.js:125:95657)
	at E.registerCommand.description (/Applications/VSCodium.app/Contents/Resources/app/out/vs/workbench/api/node/extensionHostProcess.js:125:94898)
	at n._executeContributedCommand (/Applications/VSCodium.app/Contents/Resources/app/out/vs/workbench/api/node/extensionHostProcess.js:125:96967)
	at n._doExecuteCommand (/Applications/VSCodium.app/Contents/Resources/app/out/vs/workbench/api/node/extensionHostProcess.js:125:95790)
	at n.executeCommand (/Applications/VSCodium.app/Contents/Resources/app/out/vs/workbench/api/node/extensionHostProcess.js:125:95657)
	at Object.executeCommand (/Applications/VSCodium.app/Contents/Resources/app/out/vs/workbench/api/node/extensionHostProcess.js:140:27475)
	at s.D [as value] (/Applications/VSCodium.app/Contents/Resources/app/extensions/git/dist/main.js:2:1312749)
	at c._deliver (/Applications/VSCodium.app/Contents/Resources/app/out/vs/workbench/api/node/extensionHostProcess.js:80:2465)
	at c._deliverQueue (/Applications/VSCodium.app/Contents/Resources/app/out/vs/workbench/api/node/extensionHostProcess.js:80:2556)
	at c.fire (/Applications/VSCodium.app/Contents/Resources/app/out/vs/workbench/api/node/extensionHostProcess.js:80:2891)
	at Object.m [as dispose] (/Applications/VSCodium.app/Contents/Resources/app/extensions/git/dist/main.js:2:1328537)
	at /Applications/VSCodium.app/Contents/Resources/app/extensions/git/dist/main.js:2:1333378
	at Array.forEach (<anonymous>)
	at g.dispose (/Applications/VSCodium.app/Contents/Resources/app/extensions/git/dist/main.js:2:1333364)
	at w.<anonymous> (/Applications/VSCodium.app/Contents/Resources/app/out/vs/workbench/api/node/extensionHostProcess.js:121:5060)
	at w.dispose (/Applications/VSCodium.app/Contents/Resources/app/out/vs/workbench/api/node/extensionHostProcess.js:121:5157)
	at w.<anonymous> (/Applications/VSCodium.app/Contents/Resources/app/extensions/git/dist/main.js:2:1314761)
	at w.dispose (/Applications/VSCodium.app/Contents/Resources/app/out/vs/workbench/api/node/extensionHostProcess.js:121:5157)
	at o (/Applications/VSCodium.app/Contents/Resources/app/out/vs/workbench/api/node/extensionHostProcess.js:30:829)
	at s._deactivate (/Applications/VSCodium.app/Contents/Resources/app/out/vs/workbench/api/node/extensionHostProcess.js:136:12852)
	at /Applications/VSCodium.app/Contents/Resources/app/out/vs/workbench/api/node/extensionHostProcess.js:136:10108
	at Array.map (<anonymous>)
	at s._deactivateAll (/Applications/VSCodium.app/Contents/Resources/app/out/vs/workbench/api/node/extensionHostProcess.js:136:10096)
	at s.terminate (/Applications/VSCodium.app/Contents/Resources/app/out/vs/workbench/api/node/extensionHostProcess.js:136:10476)
	at o.terminate (/Applications/VSCodium.app/Contents/Resources/app/out/vs/workbench/api/node/extensionHostProcess.js:140:1908)
	at u (/Applications/VSCodium.app/Contents/Resources/app/out/vs/workbench/api/node/extensionHostProcess.js:153:11535)
	at MessagePortMain.<anonymous> (/Applications/VSCodium.app/Contents/Resources/app/out/vs/workbench/api/node/extensionHostProcess.js:153:7610)
	at MessagePortMain.emit (node:events:513:28)
	at MessagePortMain._internalPort.emit (node:electron/js2c/utility_init:2:367) setContext undefined
2023-10-16 20:22:18.722 [error] Canceled: Canceled
	at new d (/Applications/VSCodium.app/Contents/Resources/app/out/vs/workbench/api/node/extensionHostProcess.js:125:64080)
	at i._remoteCall (/Applications/VSCodium.app/Contents/Resources/app/out/vs/workbench/api/node/extensionHostProcess.js:134:13779)
	at L.<computed>.U.charCodeAt.L.<computed> (/Applications/VSCodium.app/Contents/Resources/app/out/vs/workbench/api/node/extensionHostProcess.js:134:10331)
	at n._doExecuteCommand (/Applications/VSCodium.app/Contents/Resources/app/out/vs/workbench/api/node/extensionHostProcess.js:125:96332)
	at n.executeCommand (/Applications/VSCodium.app/Contents/Resources/app/out/vs/workbench/api/node/extensionHostProcess.js:125:95657)
	at E.registerCommand.description (/Applications/VSCodium.app/Contents/Resources/app/out/vs/workbench/api/node/extensionHostProcess.js:125:94898)
	at n._executeContributedCommand (/Applications/VSCodium.app/Contents/Resources/app/out/vs/workbench/api/node/extensionHostProcess.js:125:96967)
	at n._doExecuteCommand (/Applications/VSCodium.app/Contents/Resources/app/out/vs/workbench/api/node/extensionHostProcess.js:125:95790)
	at n.executeCommand (/Applications/VSCodium.app/Contents/Resources/app/out/vs/workbench/api/node/extensionHostProcess.js:125:95657)
	at Object.executeCommand (/Applications/VSCodium.app/Contents/Resources/app/out/vs/workbench/api/node/extensionHostProcess.js:140:27475)
	at set b [as b] (/Applications/VSCodium.app/Contents/Resources/app/extensions/github/dist/extension.js:2:714364)
	at /Applications/VSCodium.app/Contents/Resources/app/extensions/github/dist/extension.js:2:715005
	at s.value (/Applications/VSCodium.app/Contents/Resources/app/extensions/git/dist/main.js:2:1401989)
	at c._deliver (/Applications/VSCodium.app/Contents/Resources/app/out/vs/workbench/api/node/extensionHostProcess.js:80:2465)
	at c._deliverQueue (/Applications/VSCodium.app/Contents/Resources/app/out/vs/workbench/api/node/extensionHostProcess.js:80:2556)
	at c.fire (/Applications/VSCodium.app/Contents/Resources/app/out/vs/workbench/api/node/extensionHostProcess.js:80:2891)
	at Object.m [as dispose] (/Applications/VSCodium.app/Contents/Resources/app/extensions/git/dist/main.js:2:1328537)
	at /Applications/VSCodium.app/Contents/Resources/app/extensions/git/dist/main.js:2:1333378
	at Array.forEach (<anonymous>)
	at g.dispose (/Applications/VSCodium.app/Contents/Resources/app/extensions/git/dist/main.js:2:1333364)
	at w.<anonymous> (/Applications/VSCodium.app/Contents/Resources/app/out/vs/workbench/api/node/extensionHostProcess.js:121:5060)
	at w.dispose (/Applications/VSCodium.app/Contents/Resources/app/out/vs/workbench/api/node/extensionHostProcess.js:121:5157)
	at w.<anonymous> (/Applications/VSCodium.app/Contents/Resources/app/extensions/git/dist/main.js:2:1314761)
	at w.dispose (/Applications/VSCodium.app/Contents/Resources/app/out/vs/workbench/api/node/extensionHostProcess.js:121:5157)
	at o (/Applications/VSCodium.app/Contents/Resources/app/out/vs/workbench/api/node/extensionHostProcess.js:30:829)
	at s._deactivate (/Applications/VSCodium.app/Contents/Resources/app/out/vs/workbench/api/node/extensionHostProcess.js:136:12852)
	at /Applications/VSCodium.app/Contents/Resources/app/out/vs/workbench/api/node/extensionHostProcess.js:136:10108
	at Array.map (<anonymous>)
	at s._deactivateAll (/Applications/VSCodium.app/Contents/Resources/app/out/vs/workbench/api/node/extensionHostProcess.js:136:10096)
	at s.terminate (/Applications/VSCodium.app/Contents/Resources/app/out/vs/workbench/api/node/extensionHostProcess.js:136:10476)
	at o.terminate (/Applications/VSCodium.app/Contents/Resources/app/out/vs/workbench/api/node/extensionHostProcess.js:140:1908)
	at u (/Applications/VSCodium.app/Contents/Resources/app/out/vs/workbench/api/node/extensionHostProcess.js:153:11535)
	at MessagePortMain.<anonymous> (/Applications/VSCodium.app/Contents/Resources/app/out/vs/workbench/api/node/extensionHostProcess.js:153:7610)
	at MessagePortMain.emit (node:events:513:28)
	at MessagePortMain._internalPort.emit (node:electron/js2c/utility_init:2:367) setContext undefined
2023-10-16 20:22:18.722 [info] Extension host with pid 55818 exiting with code 0
